{"/Users/sebastianricci/Desktop/CodeWorks/LegacyProject/tourify/server/passport-config.js": {"path":"/Users/sebastianricci/Desktop/CodeWorks/LegacyProject/tourify/server/passport-config.js","statementMap":{"0":{"start":{"line":1,"column":19},"end":{"line":1,"column":55}},"1":{"start":{"line":2,"column":15},"end":{"line":2,"column":32}},"2":{"start":{"line":3,"column":22},"end":{"line":3,"column":56}},"3":{"start":{"line":6,"column":2},"end":{"line":23,"column":4}},"4":{"start":{"line":10,"column":8},"end":{"line":20,"column":9}},"5":{"start":{"line":11,"column":23},"end":{"line":11,"column":62}},"6":{"start":{"line":12,"column":10},"end":{"line":12,"column":46}},"7":{"start":{"line":12,"column":21},"end":{"line":12,"column":46}},"8":{"start":{"line":13,"column":10},"end":{"line":17,"column":11}},"9":{"start":{"line":14,"column":12},"end":{"line":14,"column":36}},"10":{"start":{"line":16,"column":12},"end":{"line":16,"column":37}},"11":{"start":{"line":19,"column":10},"end":{"line":19,"column":25}},"12":{"start":{"line":25,"column":2},"end":{"line":27,"column":5}},"13":{"start":{"line":26,"column":4},"end":{"line":26,"column":27}},"14":{"start":{"line":29,"column":2},"end":{"line":29,"column":74}},"15":{"start":{"line":29,"column":44},"end":{"line":29,"column":72}},"16":{"start":{"line":32,"column":0},"end":{"line":32,"column":28}}},"fnMap":{"0":{"name":"initialise","decl":{"start":{"line":5,"column":9},"end":{"line":5,"column":19}},"loc":{"start":{"line":5,"column":30},"end":{"line":30,"column":1}},"line":5},"1":{"name":"(anonymous_1)","decl":{"start":{"line":9,"column":6},"end":{"line":9,"column":7}},"loc":{"start":{"line":9,"column":39},"end":{"line":21,"column":7}},"line":9},"2":{"name":"(anonymous_2)","decl":{"start":{"line":25,"column":25},"end":{"line":25,"column":26}},"loc":{"start":{"line":25,"column":41},"end":{"line":27,"column":3}},"line":25},"3":{"name":"(anonymous_3)","decl":{"start":{"line":29,"column":27},"end":{"line":29,"column":28}},"loc":{"start":{"line":29,"column":44},"end":{"line":29,"column":72}},"line":29}},"branchMap":{"0":{"loc":{"start":{"line":12,"column":10},"end":{"line":12,"column":46}},"type":"if","locations":[{"start":{"line":12,"column":10},"end":{"line":12,"column":46}},{"start":{},"end":{}}],"line":12},"1":{"loc":{"start":{"line":13,"column":10},"end":{"line":17,"column":11}},"type":"if","locations":[{"start":{"line":13,"column":10},"end":{"line":17,"column":11}},{"start":{"line":15,"column":17},"end":{"line":17,"column":11}}],"line":13}},"s":{"0":1,"1":1,"2":1,"3":1,"4":17,"5":17,"6":17,"7":0,"8":17,"9":17,"10":0,"11":0,"12":1,"13":17,"14":1,"15":34,"16":1},"f":{"0":1,"1":17,"2":17,"3":34},"b":{"0":[0,17],"1":[17,0]},"_coverageSchema":"1a1c01bbd47fc00a2c39e90264f33305004495a9","hash":"50929078aa8387a64a7af066026073797647f8fa"}
,"/Users/sebastianricci/Desktop/CodeWorks/LegacyProject/tourify/server/dist/server.js": {"path":"/Users/sebastianricci/Desktop/CodeWorks/LegacyProject/tourify/server/dist/server.js","statementMap":{"0":{"start":{"line":2,"column":0},"end":{"line":2,"column":62}},"1":{"start":{"line":3,"column":0},"end":{"line":3,"column":27}},"2":{"start":{"line":5,"column":14},"end":{"line":5,"column":32}},"3":{"start":{"line":6,"column":11},"end":{"line":6,"column":26}},"4":{"start":{"line":7,"column":14},"end":{"line":7,"column":40}},"5":{"start":{"line":8,"column":17},"end":{"line":8,"column":48}},"6":{"start":{"line":9,"column":18},"end":{"line":9,"column":50}},"7":{"start":{"line":10,"column":21},"end":{"line":10,"column":56}},"8":{"start":{"line":11,"column":15},"end":{"line":11,"column":34}},"9":{"start":{"line":12,"column":19},"end":{"line":12,"column":43}},"10":{"start":{"line":13,"column":25},"end":{"line":13,"column":56}},"11":{"start":{"line":14,"column":11},"end":{"line":14,"column":27}},"12":{"start":{"line":15,"column":11},"end":{"line":15,"column":27}},"13":{"start":{"line":17,"column":10},"end":{"line":17,"column":19}},"14":{"start":{"line":19,"column":0},"end":{"line":22,"column":4}},"15":{"start":{"line":23,"column":0},"end":{"line":23,"column":24}},"16":{"start":{"line":24,"column":0},"end":{"line":24,"column":48}},"17":{"start":{"line":25,"column":0},"end":{"line":36,"column":4}},"18":{"start":{"line":37,"column":0},"end":{"line":37,"column":50}},"19":{"start":{"line":38,"column":0},"end":{"line":38,"column":31}},"20":{"start":{"line":39,"column":0},"end":{"line":39,"column":28}},"21":{"start":{"line":40,"column":0},"end":{"line":40,"column":29}},"22":{"start":{"line":41,"column":0},"end":{"line":41,"column":20}},"23":{"start":{"line":42,"column":0},"end":{"line":42,"column":21}},"24":{"start":{"line":43,"column":0},"end":{"line":43,"column":24}},"25":{"start":{"line":45,"column":0},"end":{"line":45,"column":114}},"26":{"start":{"line":45,"column":31},"end":{"line":45,"column":110}},"27":{"start":{"line":46,"column":0},"end":{"line":46,"column":21}}},"fnMap":{"0":{"name":"(anonymous_0)","decl":{"start":{"line":45,"column":17},"end":{"line":45,"column":18}},"loc":{"start":{"line":45,"column":29},"end":{"line":45,"column":112}},"line":45}},"branchMap":{"0":{"loc":{"start":{"line":20,"column":12},"end":{"line":20,"column":57}},"type":"binary-expr","locations":[{"start":{"line":20,"column":12},"end":{"line":20,"column":30}},{"start":{"line":20,"column":34},"end":{"line":20,"column":57}}],"line":20}},"s":{"0":1,"1":1,"2":1,"3":1,"4":1,"5":1,"6":1,"7":1,"8":1,"9":1,"10":1,"11":1,"12":1,"13":1,"14":1,"15":1,"16":1,"17":1,"18":1,"19":1,"20":1,"21":1,"22":1,"23":1,"24":1,"25":1,"26":1,"27":1},"f":{"0":1},"b":{"0":[1,0]},"_coverageSchema":"1a1c01bbd47fc00a2c39e90264f33305004495a9","hash":"5e960e21a4c0ec19954ba3b5be668f5430242020"}
,"/Users/sebastianricci/Desktop/CodeWorks/LegacyProject/tourify/server/dist/controllers/payments.controller.js": {"path":"/Users/sebastianricci/Desktop/CodeWorks/LegacyProject/tourify/server/dist/controllers/payments.controller.js","statementMap":{"0":{"start":{"line":2,"column":16},"end":{"line":10,"column":1}},"1":{"start":{"line":3,"column":28},"end":{"line":3,"column":110}},"2":{"start":{"line":3,"column":91},"end":{"line":3,"column":106}},"3":{"start":{"line":4,"column":4},"end":{"line":9,"column":7}},"4":{"start":{"line":5,"column":36},"end":{"line":5,"column":97}},"5":{"start":{"line":5,"column":42},"end":{"line":5,"column":70}},"6":{"start":{"line":5,"column":85},"end":{"line":5,"column":95}},"7":{"start":{"line":6,"column":35},"end":{"line":6,"column":100}},"8":{"start":{"line":6,"column":41},"end":{"line":6,"column":73}},"9":{"start":{"line":6,"column":88},"end":{"line":6,"column":98}},"10":{"start":{"line":7,"column":32},"end":{"line":7,"column":116}},"11":{"start":{"line":8,"column":8},"end":{"line":8,"column":78}},"12":{"start":{"line":11,"column":18},"end":{"line":37,"column":1}},"13":{"start":{"line":12,"column":12},"end":{"line":12,"column":104}},"14":{"start":{"line":12,"column":43},"end":{"line":12,"column":68}},"15":{"start":{"line":12,"column":57},"end":{"line":12,"column":68}},"16":{"start":{"line":12,"column":69},"end":{"line":12,"column":81}},"17":{"start":{"line":13,"column":4},"end":{"line":13,"column":157}},"18":{"start":{"line":13,"column":138},"end":{"line":13,"column":150}},"19":{"start":{"line":14,"column":23},"end":{"line":14,"column":68}},"20":{"start":{"line":14,"column":45},"end":{"line":14,"column":65}},"21":{"start":{"line":16,"column":8},"end":{"line":16,"column":70}},"22":{"start":{"line":16,"column":15},"end":{"line":16,"column":70}},"23":{"start":{"line":17,"column":8},"end":{"line":34,"column":66}},"24":{"start":{"line":17,"column":50},"end":{"line":34,"column":66}},"25":{"start":{"line":18,"column":12},"end":{"line":18,"column":169}},"26":{"start":{"line":18,"column":160},"end":{"line":18,"column":169}},"27":{"start":{"line":19,"column":12},"end":{"line":19,"column":52}},"28":{"start":{"line":19,"column":26},"end":{"line":19,"column":52}},"29":{"start":{"line":20,"column":12},"end":{"line":32,"column":13}},"30":{"start":{"line":21,"column":32},"end":{"line":21,"column":39}},"31":{"start":{"line":21,"column":40},"end":{"line":21,"column":46}},"32":{"start":{"line":22,"column":24},"end":{"line":22,"column":34}},"33":{"start":{"line":22,"column":35},"end":{"line":22,"column":72}},"34":{"start":{"line":23,"column":24},"end":{"line":23,"column":34}},"35":{"start":{"line":23,"column":35},"end":{"line":23,"column":45}},"36":{"start":{"line":23,"column":46},"end":{"line":23,"column":55}},"37":{"start":{"line":23,"column":56},"end":{"line":23,"column":65}},"38":{"start":{"line":24,"column":24},"end":{"line":24,"column":41}},"39":{"start":{"line":24,"column":42},"end":{"line":24,"column":55}},"40":{"start":{"line":24,"column":56},"end":{"line":24,"column":65}},"41":{"start":{"line":26,"column":20},"end":{"line":26,"column":128}},"42":{"start":{"line":26,"column":110},"end":{"line":26,"column":116}},"43":{"start":{"line":26,"column":117},"end":{"line":26,"column":126}},"44":{"start":{"line":27,"column":20},"end":{"line":27,"column":106}},"45":{"start":{"line":27,"column":81},"end":{"line":27,"column":97}},"46":{"start":{"line":27,"column":98},"end":{"line":27,"column":104}},"47":{"start":{"line":28,"column":20},"end":{"line":28,"column":89}},"48":{"start":{"line":28,"column":57},"end":{"line":28,"column":72}},"49":{"start":{"line":28,"column":73},"end":{"line":28,"column":80}},"50":{"start":{"line":28,"column":81},"end":{"line":28,"column":87}},"51":{"start":{"line":29,"column":20},"end":{"line":29,"column":87}},"52":{"start":{"line":29,"column":47},"end":{"line":29,"column":62}},"53":{"start":{"line":29,"column":63},"end":{"line":29,"column":78}},"54":{"start":{"line":29,"column":79},"end":{"line":29,"column":85}},"55":{"start":{"line":30,"column":20},"end":{"line":30,"column":42}},"56":{"start":{"line":30,"column":30},"end":{"line":30,"column":42}},"57":{"start":{"line":31,"column":20},"end":{"line":31,"column":33}},"58":{"start":{"line":31,"column":34},"end":{"line":31,"column":43}},"59":{"start":{"line":33,"column":12},"end":{"line":33,"column":39}},"60":{"start":{"line":34,"column":22},"end":{"line":34,"column":34}},"61":{"start":{"line":34,"column":35},"end":{"line":34,"column":41}},"62":{"start":{"line":34,"column":54},"end":{"line":34,"column":64}},"63":{"start":{"line":35,"column":8},"end":{"line":35,"column":35}},"64":{"start":{"line":35,"column":23},"end":{"line":35,"column":35}},"65":{"start":{"line":35,"column":36},"end":{"line":35,"column":89}},"66":{"start":{"line":38,"column":0},"end":{"line":38,"column":62}},"67":{"start":{"line":39,"column":0},"end":{"line":39,"column":27}},"68":{"start":{"line":40,"column":17},"end":{"line":40,"column":49}},"69":{"start":{"line":41,"column":13},"end":{"line":41,"column":59}},"70":{"start":{"line":42,"column":15},"end":{"line":78,"column":5}},"71":{"start":{"line":42,"column":37},"end":{"line":78,"column":3}},"72":{"start":{"line":44,"column":4},"end":{"line":77,"column":7}},"73":{"start":{"line":45,"column":8},"end":{"line":76,"column":9}},"74":{"start":{"line":47,"column":16},"end":{"line":47,"column":42}},"75":{"start":{"line":48,"column":16},"end":{"line":48,"column":55}},"76":{"start":{"line":48,"column":31},"end":{"line":48,"column":55}},"77":{"start":{"line":49,"column":16},"end":{"line":49,"column":47}},"78":{"start":{"line":50,"column":16},"end":{"line":61,"column":24}},"79":{"start":{"line":63,"column":16},"end":{"line":63,"column":36}},"80":{"start":{"line":64,"column":16},"end":{"line":64,"column":59}},"81":{"start":{"line":65,"column":16},"end":{"line":65,"column":40}},"82":{"start":{"line":67,"column":16},"end":{"line":67,"column":54}},"83":{"start":{"line":68,"column":16},"end":{"line":68,"column":29}},"84":{"start":{"line":69,"column":20},"end":{"line":69,"column":44}},"85":{"start":{"line":71,"column":16},"end":{"line":71,"column":32}},"86":{"start":{"line":72,"column":16},"end":{"line":72,"column":65}},"87":{"start":{"line":73,"column":16},"end":{"line":73,"column":54}},"88":{"start":{"line":74,"column":16},"end":{"line":74,"column":40}},"89":{"start":{"line":75,"column":20},"end":{"line":75,"column":42}},"90":{"start":{"line":79,"column":27},"end":{"line":111,"column":5}},"91":{"start":{"line":79,"column":49},"end":{"line":111,"column":3}},"92":{"start":{"line":81,"column":4},"end":{"line":110,"column":7}},"93":{"start":{"line":82,"column":8},"end":{"line":109,"column":9}},"94":{"start":{"line":84,"column":16},"end":{"line":84,"column":42}},"95":{"start":{"line":85,"column":16},"end":{"line":85,"column":55}},"96":{"start":{"line":85,"column":31},"end":{"line":85,"column":55}},"97":{"start":{"line":86,"column":16},"end":{"line":86,"column":49}},"98":{"start":{"line":87,"column":16},"end":{"line":87,"column":84}},"99":{"start":{"line":89,"column":16},"end":{"line":89,"column":36}},"100":{"start":{"line":90,"column":16},"end":{"line":93,"column":17}},"101":{"start":{"line":91,"column":20},"end":{"line":91,"column":67}},"102":{"start":{"line":92,"column":20},"end":{"line":92,"column":42}},"103":{"start":{"line":94,"column":16},"end":{"line":94,"column":85}},"104":{"start":{"line":96,"column":16},"end":{"line":96,"column":26}},"105":{"start":{"line":97,"column":16},"end":{"line":97,"column":50}},"106":{"start":{"line":98,"column":16},"end":{"line":98,"column":40}},"107":{"start":{"line":100,"column":16},"end":{"line":100,"column":54}},"108":{"start":{"line":101,"column":16},"end":{"line":101,"column":29}},"109":{"start":{"line":102,"column":20},"end":{"line":102,"column":44}},"110":{"start":{"line":104,"column":16},"end":{"line":104,"column":32}},"111":{"start":{"line":105,"column":16},"end":{"line":105,"column":66}},"112":{"start":{"line":106,"column":16},"end":{"line":106,"column":63}},"113":{"start":{"line":107,"column":16},"end":{"line":107,"column":40}},"114":{"start":{"line":108,"column":20},"end":{"line":108,"column":42}},"115":{"start":{"line":112,"column":0},"end":{"line":112,"column":84}}},"fnMap":{"0":{"name":"(anonymous_0)","decl":{"start":{"line":2,"column":44},"end":{"line":2,"column":45}},"loc":{"start":{"line":2,"column":89},"end":{"line":10,"column":1}},"line":2},"1":{"name":"adopt","decl":{"start":{"line":3,"column":13},"end":{"line":3,"column":18}},"loc":{"start":{"line":3,"column":26},"end":{"line":3,"column":112}},"line":3},"2":{"name":"(anonymous_2)","decl":{"start":{"line":3,"column":70},"end":{"line":3,"column":71}},"loc":{"start":{"line":3,"column":89},"end":{"line":3,"column":108}},"line":3},"3":{"name":"(anonymous_3)","decl":{"start":{"line":4,"column":36},"end":{"line":4,"column":37}},"loc":{"start":{"line":4,"column":63},"end":{"line":9,"column":5}},"line":4},"4":{"name":"fulfilled","decl":{"start":{"line":5,"column":17},"end":{"line":5,"column":26}},"loc":{"start":{"line":5,"column":34},"end":{"line":5,"column":99}},"line":5},"5":{"name":"rejected","decl":{"start":{"line":6,"column":17},"end":{"line":6,"column":25}},"loc":{"start":{"line":6,"column":33},"end":{"line":6,"column":102}},"line":6},"6":{"name":"step","decl":{"start":{"line":7,"column":17},"end":{"line":7,"column":21}},"loc":{"start":{"line":7,"column":30},"end":{"line":7,"column":118}},"line":7},"7":{"name":"(anonymous_7)","decl":{"start":{"line":11,"column":48},"end":{"line":11,"column":49}},"loc":{"start":{"line":11,"column":73},"end":{"line":37,"column":1}},"line":11},"8":{"name":"(anonymous_8)","decl":{"start":{"line":12,"column":30},"end":{"line":12,"column":31}},"loc":{"start":{"line":12,"column":41},"end":{"line":12,"column":83}},"line":12},"9":{"name":"(anonymous_9)","decl":{"start":{"line":13,"column":125},"end":{"line":13,"column":126}},"loc":{"start":{"line":13,"column":136},"end":{"line":13,"column":152}},"line":13},"10":{"name":"verb","decl":{"start":{"line":14,"column":13},"end":{"line":14,"column":17}},"loc":{"start":{"line":14,"column":21},"end":{"line":14,"column":70}},"line":14},"11":{"name":"(anonymous_11)","decl":{"start":{"line":14,"column":30},"end":{"line":14,"column":31}},"loc":{"start":{"line":14,"column":43},"end":{"line":14,"column":67}},"line":14},"12":{"name":"step","decl":{"start":{"line":15,"column":13},"end":{"line":15,"column":17}},"loc":{"start":{"line":15,"column":22},"end":{"line":36,"column":5}},"line":15},"13":{"name":"(anonymous_13)","decl":{"start":{"line":42,"column":15},"end":{"line":42,"column":16}},"loc":{"start":{"line":42,"column":35},"end":{"line":78,"column":5}},"line":42},"14":{"name":"(anonymous_14)","decl":{"start":{"line":42,"column":78},"end":{"line":42,"column":79}},"loc":{"start":{"line":42,"column":90},"end":{"line":78,"column":1}},"line":42},"15":{"name":"(anonymous_15)","decl":{"start":{"line":44,"column":29},"end":{"line":44,"column":30}},"loc":{"start":{"line":44,"column":43},"end":{"line":77,"column":5}},"line":44},"16":{"name":"(anonymous_16)","decl":{"start":{"line":79,"column":27},"end":{"line":79,"column":28}},"loc":{"start":{"line":79,"column":47},"end":{"line":111,"column":5}},"line":79},"17":{"name":"(anonymous_17)","decl":{"start":{"line":79,"column":90},"end":{"line":79,"column":91}},"loc":{"start":{"line":79,"column":102},"end":{"line":111,"column":1}},"line":79},"18":{"name":"(anonymous_18)","decl":{"start":{"line":81,"column":29},"end":{"line":81,"column":30}},"loc":{"start":{"line":81,"column":43},"end":{"line":110,"column":5}},"line":81}},"branchMap":{"0":{"loc":{"start":{"line":2,"column":16},"end":{"line":10,"column":1}},"type":"binary-expr","locations":[{"start":{"line":2,"column":17},"end":{"line":2,"column":21}},{"start":{"line":2,"column":25},"end":{"line":2,"column":39}},{"start":{"line":2,"column":44},"end":{"line":10,"column":1}}],"line":2},"1":{"loc":{"start":{"line":3,"column":35},"end":{"line":3,"column":109}},"type":"cond-expr","locations":[{"start":{"line":3,"column":56},"end":{"line":3,"column":61}},{"start":{"line":3,"column":64},"end":{"line":3,"column":109}}],"line":3},"2":{"loc":{"start":{"line":4,"column":16},"end":{"line":4,"column":34}},"type":"binary-expr","locations":[{"start":{"line":4,"column":16},"end":{"line":4,"column":17}},{"start":{"line":4,"column":22},"end":{"line":4,"column":33}}],"line":4},"3":{"loc":{"start":{"line":7,"column":32},"end":{"line":7,"column":115}},"type":"cond-expr","locations":[{"start":{"line":7,"column":46},"end":{"line":7,"column":67}},{"start":{"line":7,"column":70},"end":{"line":7,"column":115}}],"line":7},"4":{"loc":{"start":{"line":8,"column":51},"end":{"line":8,"column":67}},"type":"binary-expr","locations":[{"start":{"line":8,"column":51},"end":{"line":8,"column":61}},{"start":{"line":8,"column":65},"end":{"line":8,"column":67}}],"line":8},"5":{"loc":{"start":{"line":11,"column":18},"end":{"line":37,"column":1}},"type":"binary-expr","locations":[{"start":{"line":11,"column":19},"end":{"line":11,"column":23}},{"start":{"line":11,"column":27},"end":{"line":11,"column":43}},{"start":{"line":11,"column":48},"end":{"line":37,"column":1}}],"line":11},"6":{"loc":{"start":{"line":12,"column":43},"end":{"line":12,"column":68}},"type":"if","locations":[{"start":{"line":12,"column":43},"end":{"line":12,"column":68}},{"start":{},"end":{}}],"line":12},"7":{"loc":{"start":{"line":13,"column":71},"end":{"line":13,"column":153}},"type":"binary-expr","locations":[{"start":{"line":13,"column":71},"end":{"line":13,"column":99}},{"start":{"line":13,"column":104},"end":{"line":13,"column":152}}],"line":13},"8":{"loc":{"start":{"line":16,"column":8},"end":{"line":16,"column":70}},"type":"if","locations":[{"start":{"line":16,"column":8},"end":{"line":16,"column":70}},{"start":{},"end":{}}],"line":16},"9":{"loc":{"start":{"line":17,"column":15},"end":{"line":17,"column":45}},"type":"binary-expr","locations":[{"start":{"line":17,"column":15},"end":{"line":17,"column":16}},{"start":{"line":17,"column":21},"end":{"line":17,"column":44}}],"line":17},"10":{"loc":{"start":{"line":17,"column":28},"end":{"line":17,"column":44}},"type":"binary-expr","locations":[{"start":{"line":17,"column":28},"end":{"line":17,"column":33}},{"start":{"line":17,"column":38},"end":{"line":17,"column":43}}],"line":17},"11":{"loc":{"start":{"line":18,"column":12},"end":{"line":18,"column":169}},"type":"if","locations":[{"start":{"line":18,"column":12},"end":{"line":18,"column":169}},{"start":{},"end":{}}],"line":18},"12":{"loc":{"start":{"line":18,"column":23},"end":{"line":18,"column":158}},"type":"binary-expr","locations":[{"start":{"line":18,"column":23},"end":{"line":18,"column":24}},{"start":{"line":18,"column":29},"end":{"line":18,"column":125}},{"start":{"line":18,"column":130},"end":{"line":18,"column":158}}],"line":18},"13":{"loc":{"start":{"line":18,"column":33},"end":{"line":18,"column":125}},"type":"cond-expr","locations":[{"start":{"line":18,"column":45},"end":{"line":18,"column":56}},{"start":{"line":18,"column":59},"end":{"line":18,"column":125}}],"line":18},"14":{"loc":{"start":{"line":18,"column":59},"end":{"line":18,"column":125}},"type":"cond-expr","locations":[{"start":{"line":18,"column":67},"end":{"line":18,"column":116}},{"start":{"line":18,"column":119},"end":{"line":18,"column":125}}],"line":18},"15":{"loc":{"start":{"line":18,"column":67},"end":{"line":18,"column":116}},"type":"binary-expr","locations":[{"start":{"line":18,"column":67},"end":{"line":18,"column":77}},{"start":{"line":18,"column":82},"end":{"line":18,"column":115}}],"line":18},"16":{"loc":{"start":{"line":18,"column":82},"end":{"line":18,"column":112}},"type":"binary-expr","locations":[{"start":{"line":18,"column":83},"end":{"line":18,"column":98}},{"start":{"line":18,"column":103},"end":{"line":18,"column":112}}],"line":18},"17":{"loc":{"start":{"line":19,"column":12},"end":{"line":19,"column":52}},"type":"if","locations":[{"start":{"line":19,"column":12},"end":{"line":19,"column":52}},{"start":{},"end":{}}],"line":19},"18":{"loc":{"start":{"line":20,"column":12},"end":{"line":32,"column":13}},"type":"switch","locations":[{"start":{"line":21,"column":16},"end":{"line":21,"column":23}},{"start":{"line":21,"column":24},"end":{"line":21,"column":46}},{"start":{"line":22,"column":16},"end":{"line":22,"column":72}},{"start":{"line":23,"column":16},"end":{"line":23,"column":65}},{"start":{"line":24,"column":16},"end":{"line":24,"column":65}},{"start":{"line":25,"column":16},"end":{"line":31,"column":43}}],"line":20},"19":{"loc":{"start":{"line":26,"column":20},"end":{"line":26,"column":128}},"type":"if","locations":[{"start":{"line":26,"column":20},"end":{"line":26,"column":128}},{"start":{},"end":{}}],"line":26},"20":{"loc":{"start":{"line":26,"column":24},"end":{"line":26,"column":106}},"type":"binary-expr","locations":[{"start":{"line":26,"column":24},"end":{"line":26,"column":74}},{"start":{"line":26,"column":79},"end":{"line":26,"column":90}},{"start":{"line":26,"column":94},"end":{"line":26,"column":105}}],"line":26},"21":{"loc":{"start":{"line":26,"column":42},"end":{"line":26,"column":73}},"type":"binary-expr","locations":[{"start":{"line":26,"column":42},"end":{"line":26,"column":54}},{"start":{"line":26,"column":58},"end":{"line":26,"column":73}}],"line":26},"22":{"loc":{"start":{"line":27,"column":20},"end":{"line":27,"column":106}},"type":"if","locations":[{"start":{"line":27,"column":20},"end":{"line":27,"column":106}},{"start":{},"end":{}}],"line":27},"23":{"loc":{"start":{"line":27,"column":24},"end":{"line":27,"column":77}},"type":"binary-expr","locations":[{"start":{"line":27,"column":24},"end":{"line":27,"column":35}},{"start":{"line":27,"column":40},"end":{"line":27,"column":42}},{"start":{"line":27,"column":47},"end":{"line":27,"column":59}},{"start":{"line":27,"column":63},"end":{"line":27,"column":75}}],"line":27},"24":{"loc":{"start":{"line":28,"column":20},"end":{"line":28,"column":89}},"type":"if","locations":[{"start":{"line":28,"column":20},"end":{"line":28,"column":89}},{"start":{},"end":{}}],"line":28},"25":{"loc":{"start":{"line":28,"column":24},"end":{"line":28,"column":53}},"type":"binary-expr","locations":[{"start":{"line":28,"column":24},"end":{"line":28,"column":35}},{"start":{"line":28,"column":39},"end":{"line":28,"column":53}}],"line":28},"26":{"loc":{"start":{"line":29,"column":20},"end":{"line":29,"column":87}},"type":"if","locations":[{"start":{"line":29,"column":20},"end":{"line":29,"column":87}},{"start":{},"end":{}}],"line":29},"27":{"loc":{"start":{"line":29,"column":24},"end":{"line":29,"column":43}},"type":"binary-expr","locations":[{"start":{"line":29,"column":24},"end":{"line":29,"column":25}},{"start":{"line":29,"column":29},"end":{"line":29,"column":43}}],"line":29},"28":{"loc":{"start":{"line":30,"column":20},"end":{"line":30,"column":42}},"type":"if","locations":[{"start":{"line":30,"column":20},"end":{"line":30,"column":42}},{"start":{},"end":{}}],"line":30},"29":{"loc":{"start":{"line":35,"column":8},"end":{"line":35,"column":35}},"type":"if","locations":[{"start":{"line":35,"column":8},"end":{"line":35,"column":35}},{"start":{},"end":{}}],"line":35},"30":{"loc":{"start":{"line":35,"column":52},"end":{"line":35,"column":74}},"type":"cond-expr","locations":[{"start":{"line":35,"column":60},"end":{"line":35,"column":65}},{"start":{"line":35,"column":68},"end":{"line":35,"column":74}}],"line":35},"31":{"loc":{"start":{"line":45,"column":8},"end":{"line":76,"column":9}},"type":"switch","locations":[{"start":{"line":46,"column":12},"end":{"line":61,"column":24}},{"start":{"line":62,"column":12},"end":{"line":65,"column":40}},{"start":{"line":66,"column":12},"end":{"line":68,"column":29}},{"start":{"line":69,"column":12},"end":{"line":69,"column":44}},{"start":{"line":70,"column":12},"end":{"line":74,"column":40}},{"start":{"line":75,"column":12},"end":{"line":75,"column":42}}],"line":45},"32":{"loc":{"start":{"line":48,"column":16},"end":{"line":48,"column":55}},"type":"if","locations":[{"start":{"line":48,"column":16},"end":{"line":48,"column":55}},{"start":{},"end":{}}],"line":48},"33":{"loc":{"start":{"line":82,"column":8},"end":{"line":109,"column":9}},"type":"switch","locations":[{"start":{"line":83,"column":12},"end":{"line":87,"column":84}},{"start":{"line":88,"column":12},"end":{"line":94,"column":85}},{"start":{"line":95,"column":12},"end":{"line":98,"column":40}},{"start":{"line":99,"column":12},"end":{"line":101,"column":29}},{"start":{"line":102,"column":12},"end":{"line":102,"column":44}},{"start":{"line":103,"column":12},"end":{"line":107,"column":40}},{"start":{"line":108,"column":12},"end":{"line":108,"column":42}}],"line":82},"34":{"loc":{"start":{"line":85,"column":16},"end":{"line":85,"column":55}},"type":"if","locations":[{"start":{"line":85,"column":16},"end":{"line":85,"column":55}},{"start":{},"end":{}}],"line":85},"35":{"loc":{"start":{"line":90,"column":16},"end":{"line":93,"column":17}},"type":"if","locations":[{"start":{"line":90,"column":16},"end":{"line":93,"column":17}},{"start":{},"end":{}}],"line":90}},"s":{"0":1,"1":0,"2":0,"3":0,"4":0,"5":0,"6":0,"7":0,"8":0,"9":0,"10":0,"11":0,"12":1,"13":0,"14":0,"15":0,"16":0,"17":0,"18":0,"19":0,"20":0,"21":0,"22":0,"23":0,"24":0,"25":0,"26":0,"27":0,"28":0,"29":0,"30":0,"31":0,"32":0,"33":0,"34":0,"35":0,"36":0,"37":0,"38":0,"39":0,"40":0,"41":0,"42":0,"43":0,"44":0,"45":0,"46":0,"47":0,"48":0,"49":0,"50":0,"51":0,"52":0,"53":0,"54":0,"55":0,"56":0,"57":0,"58":0,"59":0,"60":0,"61":0,"62":0,"63":0,"64":0,"65":0,"66":1,"67":1,"68":1,"69":1,"70":1,"71":0,"72":0,"73":0,"74":0,"75":0,"76":0,"77":0,"78":0,"79":0,"80":0,"81":0,"82":0,"83":0,"84":0,"85":0,"86":0,"87":0,"88":0,"89":0,"90":1,"91":0,"92":0,"93":0,"94":0,"95":0,"96":0,"97":0,"98":0,"99":0,"100":0,"101":0,"102":0,"103":0,"104":0,"105":0,"106":0,"107":0,"108":0,"109":0,"110":0,"111":0,"112":0,"113":0,"114":0,"115":1},"f":{"0":0,"1":0,"2":0,"3":0,"4":0,"5":0,"6":0,"7":0,"8":0,"9":0,"10":0,"11":0,"12":0,"13":0,"14":0,"15":0,"16":0,"17":0,"18":0},"b":{"0":[1,1,1],"1":[0,0],"2":[0,0],"3":[0,0],"4":[0,0],"5":[1,1,1],"6":[0,0],"7":[0,0],"8":[0,0],"9":[0,0],"10":[0,0],"11":[0,0],"12":[0,0,0],"13":[0,0],"14":[0,0],"15":[0,0],"16":[0,0],"17":[0,0],"18":[0,0,0,0,0,0],"19":[0,0],"20":[0,0,0],"21":[0,0],"22":[0,0],"23":[0,0,0,0],"24":[0,0],"25":[0,0],"26":[0,0],"27":[0,0],"28":[0,0],"29":[0,0],"30":[0,0],"31":[0,0,0,0,0,0],"32":[0,0],"33":[0,0,0,0,0,0,0],"34":[0,0],"35":[0,0]},"_coverageSchema":"1a1c01bbd47fc00a2c39e90264f33305004495a9","hash":"2160a123cc8bec98bee12101d007996b2bd2372b"}
,"/Users/sebastianricci/Desktop/CodeWorks/LegacyProject/tourify/server/dist/controllers/trips.controller.js": {"path":"/Users/sebastianricci/Desktop/CodeWorks/LegacyProject/tourify/server/dist/controllers/trips.controller.js","statementMap":{"0":{"start":{"line":2,"column":15},"end":{"line":12,"column":1}},"1":{"start":{"line":3,"column":4},"end":{"line":10,"column":6}},"2":{"start":{"line":4,"column":8},"end":{"line":8,"column":9}},"3":{"start":{"line":4,"column":24},"end":{"line":4,"column":25}},"4":{"start":{"line":4,"column":31},"end":{"line":4,"column":47}},"5":{"start":{"line":5,"column":12},"end":{"line":5,"column":29}},"6":{"start":{"line":6,"column":12},"end":{"line":7,"column":28}},"7":{"start":{"line":6,"column":29},"end":{"line":7,"column":28}},"8":{"start":{"line":7,"column":16},"end":{"line":7,"column":28}},"9":{"start":{"line":9,"column":8},"end":{"line":9,"column":17}},"10":{"start":{"line":11,"column":4},"end":{"line":11,"column":43}},"11":{"start":{"line":13,"column":16},"end":{"line":21,"column":1}},"12":{"start":{"line":14,"column":28},"end":{"line":14,"column":110}},"13":{"start":{"line":14,"column":91},"end":{"line":14,"column":106}},"14":{"start":{"line":15,"column":4},"end":{"line":20,"column":7}},"15":{"start":{"line":16,"column":36},"end":{"line":16,"column":97}},"16":{"start":{"line":16,"column":42},"end":{"line":16,"column":70}},"17":{"start":{"line":16,"column":85},"end":{"line":16,"column":95}},"18":{"start":{"line":17,"column":35},"end":{"line":17,"column":100}},"19":{"start":{"line":17,"column":41},"end":{"line":17,"column":73}},"20":{"start":{"line":17,"column":88},"end":{"line":17,"column":98}},"21":{"start":{"line":18,"column":32},"end":{"line":18,"column":116}},"22":{"start":{"line":19,"column":8},"end":{"line":19,"column":78}},"23":{"start":{"line":22,"column":18},"end":{"line":48,"column":1}},"24":{"start":{"line":23,"column":12},"end":{"line":23,"column":104}},"25":{"start":{"line":23,"column":43},"end":{"line":23,"column":68}},"26":{"start":{"line":23,"column":57},"end":{"line":23,"column":68}},"27":{"start":{"line":23,"column":69},"end":{"line":23,"column":81}},"28":{"start":{"line":24,"column":4},"end":{"line":24,"column":157}},"29":{"start":{"line":24,"column":138},"end":{"line":24,"column":150}},"30":{"start":{"line":25,"column":23},"end":{"line":25,"column":68}},"31":{"start":{"line":25,"column":45},"end":{"line":25,"column":65}},"32":{"start":{"line":27,"column":8},"end":{"line":27,"column":70}},"33":{"start":{"line":27,"column":15},"end":{"line":27,"column":70}},"34":{"start":{"line":28,"column":8},"end":{"line":45,"column":66}},"35":{"start":{"line":28,"column":50},"end":{"line":45,"column":66}},"36":{"start":{"line":29,"column":12},"end":{"line":29,"column":169}},"37":{"start":{"line":29,"column":160},"end":{"line":29,"column":169}},"38":{"start":{"line":30,"column":12},"end":{"line":30,"column":52}},"39":{"start":{"line":30,"column":26},"end":{"line":30,"column":52}},"40":{"start":{"line":31,"column":12},"end":{"line":43,"column":13}},"41":{"start":{"line":32,"column":32},"end":{"line":32,"column":39}},"42":{"start":{"line":32,"column":40},"end":{"line":32,"column":46}},"43":{"start":{"line":33,"column":24},"end":{"line":33,"column":34}},"44":{"start":{"line":33,"column":35},"end":{"line":33,"column":72}},"45":{"start":{"line":34,"column":24},"end":{"line":34,"column":34}},"46":{"start":{"line":34,"column":35},"end":{"line":34,"column":45}},"47":{"start":{"line":34,"column":46},"end":{"line":34,"column":55}},"48":{"start":{"line":34,"column":56},"end":{"line":34,"column":65}},"49":{"start":{"line":35,"column":24},"end":{"line":35,"column":41}},"50":{"start":{"line":35,"column":42},"end":{"line":35,"column":55}},"51":{"start":{"line":35,"column":56},"end":{"line":35,"column":65}},"52":{"start":{"line":37,"column":20},"end":{"line":37,"column":128}},"53":{"start":{"line":37,"column":110},"end":{"line":37,"column":116}},"54":{"start":{"line":37,"column":117},"end":{"line":37,"column":126}},"55":{"start":{"line":38,"column":20},"end":{"line":38,"column":106}},"56":{"start":{"line":38,"column":81},"end":{"line":38,"column":97}},"57":{"start":{"line":38,"column":98},"end":{"line":38,"column":104}},"58":{"start":{"line":39,"column":20},"end":{"line":39,"column":89}},"59":{"start":{"line":39,"column":57},"end":{"line":39,"column":72}},"60":{"start":{"line":39,"column":73},"end":{"line":39,"column":80}},"61":{"start":{"line":39,"column":81},"end":{"line":39,"column":87}},"62":{"start":{"line":40,"column":20},"end":{"line":40,"column":87}},"63":{"start":{"line":40,"column":47},"end":{"line":40,"column":62}},"64":{"start":{"line":40,"column":63},"end":{"line":40,"column":78}},"65":{"start":{"line":40,"column":79},"end":{"line":40,"column":85}},"66":{"start":{"line":41,"column":20},"end":{"line":41,"column":42}},"67":{"start":{"line":41,"column":30},"end":{"line":41,"column":42}},"68":{"start":{"line":42,"column":20},"end":{"line":42,"column":33}},"69":{"start":{"line":42,"column":34},"end":{"line":42,"column":43}},"70":{"start":{"line":44,"column":12},"end":{"line":44,"column":39}},"71":{"start":{"line":45,"column":22},"end":{"line":45,"column":34}},"72":{"start":{"line":45,"column":35},"end":{"line":45,"column":41}},"73":{"start":{"line":45,"column":54},"end":{"line":45,"column":64}},"74":{"start":{"line":46,"column":8},"end":{"line":46,"column":35}},"75":{"start":{"line":46,"column":23},"end":{"line":46,"column":35}},"76":{"start":{"line":46,"column":36},"end":{"line":46,"column":89}},"77":{"start":{"line":49,"column":0},"end":{"line":49,"column":62}},"78":{"start":{"line":51,"column":13},"end":{"line":51,"column":41}},"79":{"start":{"line":53,"column":13},"end":{"line":53,"column":31}},"80":{"start":{"line":54,"column":17},"end":{"line":54,"column":49}},"81":{"start":{"line":55,"column":19},"end":{"line":79,"column":5}},"82":{"start":{"line":55,"column":41},"end":{"line":79,"column":3}},"83":{"start":{"line":57,"column":4},"end":{"line":78,"column":7}},"84":{"start":{"line":58,"column":8},"end":{"line":77,"column":9}},"85":{"start":{"line":60,"column":16},"end":{"line":60,"column":42}},"86":{"start":{"line":61,"column":16},"end":{"line":61,"column":55}},"87":{"start":{"line":61,"column":31},"end":{"line":61,"column":55}},"88":{"start":{"line":62,"column":16},"end":{"line":62,"column":82}},"89":{"start":{"line":64,"column":16},"end":{"line":64,"column":34}},"90":{"start":{"line":65,"column":16},"end":{"line":65,"column":44}},"91":{"start":{"line":66,"column":16},"end":{"line":66,"column":40}},"92":{"start":{"line":68,"column":16},"end":{"line":68,"column":54}},"93":{"start":{"line":69,"column":16},"end":{"line":69,"column":29}},"94":{"start":{"line":70,"column":20},"end":{"line":70,"column":44}},"95":{"start":{"line":72,"column":16},"end":{"line":72,"column":32}},"96":{"start":{"line":73,"column":16},"end":{"line":73,"column":64}},"97":{"start":{"line":74,"column":16},"end":{"line":74,"column":54}},"98":{"start":{"line":75,"column":16},"end":{"line":75,"column":40}},"99":{"start":{"line":76,"column":20},"end":{"line":76,"column":42}},"100":{"start":{"line":80,"column":22},"end":{"line":104,"column":5}},"101":{"start":{"line":80,"column":44},"end":{"line":104,"column":3}},"102":{"start":{"line":82,"column":4},"end":{"line":103,"column":7}},"103":{"start":{"line":83,"column":8},"end":{"line":102,"column":9}},"104":{"start":{"line":85,"column":16},"end":{"line":85,"column":42}},"105":{"start":{"line":86,"column":16},"end":{"line":86,"column":55}},"106":{"start":{"line":86,"column":31},"end":{"line":86,"column":55}},"107":{"start":{"line":87,"column":16},"end":{"line":87,"column":63}},"108":{"start":{"line":89,"column":16},"end":{"line":89,"column":34}},"109":{"start":{"line":90,"column":16},"end":{"line":90,"column":44}},"110":{"start":{"line":91,"column":16},"end":{"line":91,"column":40}},"111":{"start":{"line":93,"column":16},"end":{"line":93,"column":54}},"112":{"start":{"line":94,"column":16},"end":{"line":94,"column":29}},"113":{"start":{"line":95,"column":20},"end":{"line":95,"column":44}},"114":{"start":{"line":97,"column":16},"end":{"line":97,"column":32}},"115":{"start":{"line":98,"column":16},"end":{"line":98,"column":64}},"116":{"start":{"line":99,"column":16},"end":{"line":99,"column":54}},"117":{"start":{"line":100,"column":16},"end":{"line":100,"column":40}},"118":{"start":{"line":101,"column":20},"end":{"line":101,"column":42}},"119":{"start":{"line":105,"column":21},"end":{"line":129,"column":5}},"120":{"start":{"line":105,"column":43},"end":{"line":129,"column":3}},"121":{"start":{"line":107,"column":4},"end":{"line":128,"column":7}},"122":{"start":{"line":108,"column":8},"end":{"line":127,"column":9}},"123":{"start":{"line":110,"column":16},"end":{"line":110,"column":42}},"124":{"start":{"line":111,"column":16},"end":{"line":111,"column":55}},"125":{"start":{"line":111,"column":31},"end":{"line":111,"column":55}},"126":{"start":{"line":112,"column":16},"end":{"line":112,"column":80}},"127":{"start":{"line":114,"column":16},"end":{"line":114,"column":34}},"128":{"start":{"line":115,"column":16},"end":{"line":115,"column":44}},"129":{"start":{"line":116,"column":16},"end":{"line":116,"column":40}},"130":{"start":{"line":118,"column":16},"end":{"line":118,"column":54}},"131":{"start":{"line":119,"column":16},"end":{"line":119,"column":29}},"132":{"start":{"line":120,"column":20},"end":{"line":120,"column":44}},"133":{"start":{"line":122,"column":16},"end":{"line":122,"column":32}},"134":{"start":{"line":123,"column":16},"end":{"line":123,"column":64}},"135":{"start":{"line":124,"column":16},"end":{"line":124,"column":54}},"136":{"start":{"line":125,"column":16},"end":{"line":125,"column":40}},"137":{"start":{"line":126,"column":20},"end":{"line":126,"column":42}},"138":{"start":{"line":130,"column":18},"end":{"line":158,"column":5}},"139":{"start":{"line":130,"column":40},"end":{"line":158,"column":3}},"140":{"start":{"line":132,"column":4},"end":{"line":157,"column":7}},"141":{"start":{"line":133,"column":8},"end":{"line":156,"column":9}},"142":{"start":{"line":135,"column":16},"end":{"line":135,"column":42}},"143":{"start":{"line":136,"column":16},"end":{"line":136,"column":55}},"144":{"start":{"line":136,"column":31},"end":{"line":136,"column":55}},"145":{"start":{"line":137,"column":16},"end":{"line":137,"column":35}},"146":{"start":{"line":138,"column":16},"end":{"line":138,"column":66}},"147":{"start":{"line":140,"column":16},"end":{"line":140,"column":33}},"148":{"start":{"line":141,"column":16},"end":{"line":144,"column":47}},"149":{"start":{"line":142,"column":20},"end":{"line":142,"column":57}},"150":{"start":{"line":144,"column":20},"end":{"line":144,"column":47}},"151":{"start":{"line":145,"column":16},"end":{"line":145,"column":40}},"152":{"start":{"line":147,"column":16},"end":{"line":147,"column":54}},"153":{"start":{"line":148,"column":16},"end":{"line":148,"column":29}},"154":{"start":{"line":149,"column":20},"end":{"line":149,"column":44}},"155":{"start":{"line":151,"column":16},"end":{"line":151,"column":32}},"156":{"start":{"line":152,"column":16},"end":{"line":152,"column":56}},"157":{"start":{"line":153,"column":16},"end":{"line":153,"column":54}},"158":{"start":{"line":154,"column":16},"end":{"line":154,"column":40}},"159":{"start":{"line":155,"column":20},"end":{"line":155,"column":42}},"160":{"start":{"line":159,"column":17},"end":{"line":185,"column":5}},"161":{"start":{"line":159,"column":39},"end":{"line":185,"column":3}},"162":{"start":{"line":161,"column":4},"end":{"line":184,"column":7}},"163":{"start":{"line":162,"column":8},"end":{"line":183,"column":9}},"164":{"start":{"line":164,"column":16},"end":{"line":164,"column":42}},"165":{"start":{"line":165,"column":16},"end":{"line":165,"column":55}},"166":{"start":{"line":165,"column":31},"end":{"line":165,"column":55}},"167":{"start":{"line":166,"column":16},"end":{"line":166,"column":113}},"168":{"start":{"line":167,"column":16},"end":{"line":167,"column":64}},"169":{"start":{"line":169,"column":16},"end":{"line":169,"column":35}},"170":{"start":{"line":170,"column":16},"end":{"line":170,"column":32}},"171":{"start":{"line":171,"column":16},"end":{"line":171,"column":33}},"172":{"start":{"line":172,"column":16},"end":{"line":172,"column":40}},"173":{"start":{"line":174,"column":16},"end":{"line":174,"column":54}},"174":{"start":{"line":175,"column":16},"end":{"line":175,"column":29}},"175":{"start":{"line":176,"column":20},"end":{"line":176,"column":44}},"176":{"start":{"line":178,"column":16},"end":{"line":178,"column":32}},"177":{"start":{"line":179,"column":16},"end":{"line":179,"column":56}},"178":{"start":{"line":180,"column":16},"end":{"line":180,"column":54}},"179":{"start":{"line":181,"column":16},"end":{"line":181,"column":40}},"180":{"start":{"line":182,"column":20},"end":{"line":182,"column":42}},"181":{"start":{"line":186,"column":21},"end":{"line":212,"column":5}},"182":{"start":{"line":186,"column":43},"end":{"line":212,"column":3}},"183":{"start":{"line":188,"column":4},"end":{"line":211,"column":7}},"184":{"start":{"line":189,"column":8},"end":{"line":210,"column":9}},"185":{"start":{"line":191,"column":16},"end":{"line":191,"column":42}},"186":{"start":{"line":192,"column":16},"end":{"line":192,"column":55}},"187":{"start":{"line":192,"column":31},"end":{"line":192,"column":55}},"188":{"start":{"line":193,"column":16},"end":{"line":193,"column":35}},"189":{"start":{"line":194,"column":16},"end":{"line":194,"column":39}},"190":{"start":{"line":195,"column":16},"end":{"line":195,"column":72}},"191":{"start":{"line":197,"column":16},"end":{"line":197,"column":36}},"192":{"start":{"line":198,"column":16},"end":{"line":198,"column":46}},"193":{"start":{"line":199,"column":16},"end":{"line":199,"column":40}},"194":{"start":{"line":201,"column":16},"end":{"line":201,"column":54}},"195":{"start":{"line":202,"column":16},"end":{"line":202,"column":29}},"196":{"start":{"line":203,"column":20},"end":{"line":203,"column":44}},"197":{"start":{"line":205,"column":16},"end":{"line":205,"column":32}},"198":{"start":{"line":206,"column":16},"end":{"line":206,"column":56}},"199":{"start":{"line":207,"column":16},"end":{"line":207,"column":54}},"200":{"start":{"line":208,"column":16},"end":{"line":208,"column":40}},"201":{"start":{"line":209,"column":20},"end":{"line":209,"column":42}},"202":{"start":{"line":213,"column":22},"end":{"line":239,"column":5}},"203":{"start":{"line":213,"column":44},"end":{"line":239,"column":3}},"204":{"start":{"line":215,"column":4},"end":{"line":238,"column":7}},"205":{"start":{"line":216,"column":8},"end":{"line":237,"column":9}},"206":{"start":{"line":218,"column":16},"end":{"line":218,"column":42}},"207":{"start":{"line":219,"column":16},"end":{"line":219,"column":55}},"208":{"start":{"line":219,"column":31},"end":{"line":219,"column":55}},"209":{"start":{"line":220,"column":16},"end":{"line":220,"column":35}},"210":{"start":{"line":221,"column":16},"end":{"line":221,"column":39}},"211":{"start":{"line":222,"column":16},"end":{"line":222,"column":72}},"212":{"start":{"line":224,"column":16},"end":{"line":224,"column":36}},"213":{"start":{"line":225,"column":16},"end":{"line":225,"column":46}},"214":{"start":{"line":226,"column":16},"end":{"line":226,"column":40}},"215":{"start":{"line":228,"column":16},"end":{"line":228,"column":54}},"216":{"start":{"line":229,"column":16},"end":{"line":229,"column":29}},"217":{"start":{"line":230,"column":20},"end":{"line":230,"column":44}},"218":{"start":{"line":232,"column":16},"end":{"line":232,"column":32}},"219":{"start":{"line":233,"column":16},"end":{"line":233,"column":63}},"220":{"start":{"line":234,"column":16},"end":{"line":234,"column":54}},"221":{"start":{"line":235,"column":16},"end":{"line":235,"column":40}},"222":{"start":{"line":236,"column":20},"end":{"line":236,"column":42}},"223":{"start":{"line":240,"column":26},"end":{"line":266,"column":5}},"224":{"start":{"line":240,"column":48},"end":{"line":266,"column":3}},"225":{"start":{"line":242,"column":4},"end":{"line":265,"column":7}},"226":{"start":{"line":243,"column":8},"end":{"line":264,"column":9}},"227":{"start":{"line":245,"column":16},"end":{"line":245,"column":42}},"228":{"start":{"line":246,"column":16},"end":{"line":246,"column":55}},"229":{"start":{"line":246,"column":31},"end":{"line":246,"column":55}},"230":{"start":{"line":247,"column":16},"end":{"line":247,"column":35}},"231":{"start":{"line":248,"column":16},"end":{"line":248,"column":47}},"232":{"start":{"line":249,"column":16},"end":{"line":249,"column":80}},"233":{"start":{"line":251,"column":16},"end":{"line":251,"column":36}},"234":{"start":{"line":252,"column":16},"end":{"line":252,"column":46}},"235":{"start":{"line":253,"column":16},"end":{"line":253,"column":40}},"236":{"start":{"line":255,"column":16},"end":{"line":255,"column":54}},"237":{"start":{"line":256,"column":16},"end":{"line":256,"column":29}},"238":{"start":{"line":257,"column":20},"end":{"line":257,"column":44}},"239":{"start":{"line":259,"column":16},"end":{"line":259,"column":32}},"240":{"start":{"line":260,"column":16},"end":{"line":260,"column":77}},"241":{"start":{"line":261,"column":16},"end":{"line":261,"column":54}},"242":{"start":{"line":262,"column":16},"end":{"line":262,"column":40}},"243":{"start":{"line":263,"column":20},"end":{"line":263,"column":42}},"244":{"start":{"line":267,"column":17},"end":{"line":292,"column":5}},"245":{"start":{"line":267,"column":39},"end":{"line":292,"column":3}},"246":{"start":{"line":269,"column":4},"end":{"line":291,"column":7}},"247":{"start":{"line":270,"column":8},"end":{"line":290,"column":9}},"248":{"start":{"line":272,"column":16},"end":{"line":272,"column":42}},"249":{"start":{"line":273,"column":16},"end":{"line":273,"column":55}},"250":{"start":{"line":273,"column":31},"end":{"line":273,"column":55}},"251":{"start":{"line":274,"column":16},"end":{"line":274,"column":35}},"252":{"start":{"line":275,"column":16},"end":{"line":275,"column":63}},"253":{"start":{"line":277,"column":16},"end":{"line":277,"column":36}},"254":{"start":{"line":278,"column":16},"end":{"line":278,"column":46}},"255":{"start":{"line":279,"column":16},"end":{"line":279,"column":40}},"256":{"start":{"line":281,"column":16},"end":{"line":281,"column":54}},"257":{"start":{"line":282,"column":16},"end":{"line":282,"column":29}},"258":{"start":{"line":283,"column":20},"end":{"line":283,"column":44}},"259":{"start":{"line":285,"column":16},"end":{"line":285,"column":32}},"260":{"start":{"line":286,"column":16},"end":{"line":286,"column":68}},"261":{"start":{"line":287,"column":16},"end":{"line":287,"column":54}},"262":{"start":{"line":288,"column":16},"end":{"line":288,"column":40}},"263":{"start":{"line":289,"column":20},"end":{"line":289,"column":42}},"264":{"start":{"line":293,"column":18},"end":{"line":318,"column":5}},"265":{"start":{"line":293,"column":40},"end":{"line":318,"column":3}},"266":{"start":{"line":295,"column":4},"end":{"line":317,"column":7}},"267":{"start":{"line":296,"column":8},"end":{"line":316,"column":9}},"268":{"start":{"line":298,"column":16},"end":{"line":298,"column":42}},"269":{"start":{"line":299,"column":16},"end":{"line":299,"column":55}},"270":{"start":{"line":299,"column":31},"end":{"line":299,"column":55}},"271":{"start":{"line":300,"column":16},"end":{"line":300,"column":35}},"272":{"start":{"line":301,"column":16},"end":{"line":301,"column":65}},"273":{"start":{"line":303,"column":16},"end":{"line":303,"column":33}},"274":{"start":{"line":304,"column":16},"end":{"line":304,"column":43}},"275":{"start":{"line":305,"column":16},"end":{"line":305,"column":40}},"276":{"start":{"line":307,"column":16},"end":{"line":307,"column":54}},"277":{"start":{"line":308,"column":16},"end":{"line":308,"column":29}},"278":{"start":{"line":309,"column":20},"end":{"line":309,"column":44}},"279":{"start":{"line":311,"column":16},"end":{"line":311,"column":33}},"280":{"start":{"line":312,"column":16},"end":{"line":312,"column":70}},"281":{"start":{"line":313,"column":16},"end":{"line":313,"column":54}},"282":{"start":{"line":314,"column":16},"end":{"line":314,"column":40}},"283":{"start":{"line":315,"column":20},"end":{"line":315,"column":42}},"284":{"start":{"line":319,"column":17},"end":{"line":344,"column":5}},"285":{"start":{"line":319,"column":39},"end":{"line":344,"column":3}},"286":{"start":{"line":321,"column":4},"end":{"line":343,"column":7}},"287":{"start":{"line":322,"column":8},"end":{"line":342,"column":9}},"288":{"start":{"line":324,"column":16},"end":{"line":324,"column":42}},"289":{"start":{"line":325,"column":16},"end":{"line":325,"column":55}},"290":{"start":{"line":325,"column":31},"end":{"line":325,"column":55}},"291":{"start":{"line":326,"column":16},"end":{"line":326,"column":62}},"292":{"start":{"line":327,"column":16},"end":{"line":327,"column":71}},"293":{"start":{"line":329,"column":16},"end":{"line":329,"column":35}},"294":{"start":{"line":330,"column":16},"end":{"line":330,"column":45}},"295":{"start":{"line":331,"column":16},"end":{"line":331,"column":40}},"296":{"start":{"line":333,"column":16},"end":{"line":333,"column":54}},"297":{"start":{"line":334,"column":16},"end":{"line":334,"column":29}},"298":{"start":{"line":335,"column":20},"end":{"line":335,"column":44}},"299":{"start":{"line":337,"column":16},"end":{"line":337,"column":33}},"300":{"start":{"line":338,"column":16},"end":{"line":338,"column":58}},"301":{"start":{"line":339,"column":16},"end":{"line":339,"column":54}},"302":{"start":{"line":340,"column":16},"end":{"line":340,"column":40}},"303":{"start":{"line":341,"column":20},"end":{"line":341,"column":42}},"304":{"start":{"line":345,"column":19},"end":{"line":371,"column":5}},"305":{"start":{"line":345,"column":41},"end":{"line":371,"column":3}},"306":{"start":{"line":347,"column":4},"end":{"line":370,"column":7}},"307":{"start":{"line":348,"column":8},"end":{"line":369,"column":9}},"308":{"start":{"line":350,"column":16},"end":{"line":350,"column":42}},"309":{"start":{"line":351,"column":16},"end":{"line":351,"column":55}},"310":{"start":{"line":351,"column":31},"end":{"line":351,"column":55}},"311":{"start":{"line":352,"column":16},"end":{"line":352,"column":35}},"312":{"start":{"line":353,"column":16},"end":{"line":353,"column":39}},"313":{"start":{"line":354,"column":16},"end":{"line":354,"column":73}},"314":{"start":{"line":356,"column":16},"end":{"line":356,"column":37}},"315":{"start":{"line":357,"column":16},"end":{"line":357,"column":47}},"316":{"start":{"line":358,"column":16},"end":{"line":358,"column":40}},"317":{"start":{"line":360,"column":16},"end":{"line":360,"column":54}},"318":{"start":{"line":361,"column":16},"end":{"line":361,"column":29}},"319":{"start":{"line":362,"column":20},"end":{"line":362,"column":44}},"320":{"start":{"line":364,"column":16},"end":{"line":364,"column":33}},"321":{"start":{"line":365,"column":16},"end":{"line":365,"column":61}},"322":{"start":{"line":366,"column":16},"end":{"line":366,"column":54}},"323":{"start":{"line":367,"column":16},"end":{"line":367,"column":40}},"324":{"start":{"line":368,"column":20},"end":{"line":368,"column":42}},"325":{"start":{"line":372,"column":20},"end":{"line":398,"column":5}},"326":{"start":{"line":372,"column":42},"end":{"line":398,"column":3}},"327":{"start":{"line":374,"column":4},"end":{"line":397,"column":7}},"328":{"start":{"line":375,"column":8},"end":{"line":396,"column":9}},"329":{"start":{"line":377,"column":16},"end":{"line":377,"column":42}},"330":{"start":{"line":378,"column":16},"end":{"line":378,"column":55}},"331":{"start":{"line":378,"column":31},"end":{"line":378,"column":55}},"332":{"start":{"line":379,"column":16},"end":{"line":379,"column":35}},"333":{"start":{"line":380,"column":16},"end":{"line":380,"column":39}},"334":{"start":{"line":381,"column":16},"end":{"line":381,"column":74}},"335":{"start":{"line":383,"column":16},"end":{"line":383,"column":37}},"336":{"start":{"line":384,"column":16},"end":{"line":384,"column":47}},"337":{"start":{"line":385,"column":16},"end":{"line":385,"column":40}},"338":{"start":{"line":387,"column":16},"end":{"line":387,"column":54}},"339":{"start":{"line":388,"column":16},"end":{"line":388,"column":29}},"340":{"start":{"line":389,"column":20},"end":{"line":389,"column":44}},"341":{"start":{"line":391,"column":16},"end":{"line":391,"column":33}},"342":{"start":{"line":392,"column":16},"end":{"line":392,"column":61}},"343":{"start":{"line":393,"column":16},"end":{"line":393,"column":54}},"344":{"start":{"line":394,"column":16},"end":{"line":394,"column":40}},"345":{"start":{"line":395,"column":20},"end":{"line":395,"column":42}},"346":{"start":{"line":399,"column":17},"end":{"line":426,"column":5}},"347":{"start":{"line":399,"column":39},"end":{"line":426,"column":3}},"348":{"start":{"line":401,"column":4},"end":{"line":425,"column":7}},"349":{"start":{"line":402,"column":8},"end":{"line":405,"column":9}},"350":{"start":{"line":403,"column":12},"end":{"line":403,"column":50}},"351":{"start":{"line":404,"column":12},"end":{"line":404,"column":34}},"352":{"start":{"line":406,"column":8},"end":{"line":423,"column":9}},"353":{"start":{"line":407,"column":12},"end":{"line":407,"column":37}},"354":{"start":{"line":408,"column":12},"end":{"line":408,"column":49}},"355":{"start":{"line":409,"column":12},"end":{"line":409,"column":99}},"356":{"start":{"line":410,"column":12},"end":{"line":410,"column":72}},"357":{"start":{"line":411,"column":12},"end":{"line":411,"column":80}},"358":{"start":{"line":412,"column":12},"end":{"line":417,"column":15}},"359":{"start":{"line":413,"column":16},"end":{"line":416,"column":19}},"360":{"start":{"line":418,"column":12},"end":{"line":418,"column":50}},"361":{"start":{"line":421,"column":12},"end":{"line":421,"column":52}},"362":{"start":{"line":422,"column":12},"end":{"line":422,"column":50}},"363":{"start":{"line":424,"column":8},"end":{"line":424,"column":30}},"364":{"start":{"line":427,"column":0},"end":{"line":442,"column":2}}},"fnMap":{"0":{"name":"(anonymous_0)","decl":{"start":{"line":2,"column":42},"end":{"line":2,"column":43}},"loc":{"start":{"line":2,"column":54},"end":{"line":12,"column":1}},"line":2},"1":{"name":"(anonymous_1)","decl":{"start":{"line":3,"column":32},"end":{"line":3,"column":33}},"loc":{"start":{"line":3,"column":44},"end":{"line":10,"column":5}},"line":3},"2":{"name":"(anonymous_2)","decl":{"start":{"line":13,"column":44},"end":{"line":13,"column":45}},"loc":{"start":{"line":13,"column":89},"end":{"line":21,"column":1}},"line":13},"3":{"name":"adopt","decl":{"start":{"line":14,"column":13},"end":{"line":14,"column":18}},"loc":{"start":{"line":14,"column":26},"end":{"line":14,"column":112}},"line":14},"4":{"name":"(anonymous_4)","decl":{"start":{"line":14,"column":70},"end":{"line":14,"column":71}},"loc":{"start":{"line":14,"column":89},"end":{"line":14,"column":108}},"line":14},"5":{"name":"(anonymous_5)","decl":{"start":{"line":15,"column":36},"end":{"line":15,"column":37}},"loc":{"start":{"line":15,"column":63},"end":{"line":20,"column":5}},"line":15},"6":{"name":"fulfilled","decl":{"start":{"line":16,"column":17},"end":{"line":16,"column":26}},"loc":{"start":{"line":16,"column":34},"end":{"line":16,"column":99}},"line":16},"7":{"name":"rejected","decl":{"start":{"line":17,"column":17},"end":{"line":17,"column":25}},"loc":{"start":{"line":17,"column":33},"end":{"line":17,"column":102}},"line":17},"8":{"name":"step","decl":{"start":{"line":18,"column":17},"end":{"line":18,"column":21}},"loc":{"start":{"line":18,"column":30},"end":{"line":18,"column":118}},"line":18},"9":{"name":"(anonymous_9)","decl":{"start":{"line":22,"column":48},"end":{"line":22,"column":49}},"loc":{"start":{"line":22,"column":73},"end":{"line":48,"column":1}},"line":22},"10":{"name":"(anonymous_10)","decl":{"start":{"line":23,"column":30},"end":{"line":23,"column":31}},"loc":{"start":{"line":23,"column":41},"end":{"line":23,"column":83}},"line":23},"11":{"name":"(anonymous_11)","decl":{"start":{"line":24,"column":125},"end":{"line":24,"column":126}},"loc":{"start":{"line":24,"column":136},"end":{"line":24,"column":152}},"line":24},"12":{"name":"verb","decl":{"start":{"line":25,"column":13},"end":{"line":25,"column":17}},"loc":{"start":{"line":25,"column":21},"end":{"line":25,"column":70}},"line":25},"13":{"name":"(anonymous_13)","decl":{"start":{"line":25,"column":30},"end":{"line":25,"column":31}},"loc":{"start":{"line":25,"column":43},"end":{"line":25,"column":67}},"line":25},"14":{"name":"step","decl":{"start":{"line":26,"column":13},"end":{"line":26,"column":17}},"loc":{"start":{"line":26,"column":22},"end":{"line":47,"column":5}},"line":26},"15":{"name":"(anonymous_15)","decl":{"start":{"line":55,"column":19},"end":{"line":55,"column":20}},"loc":{"start":{"line":55,"column":39},"end":{"line":79,"column":5}},"line":55},"16":{"name":"(anonymous_16)","decl":{"start":{"line":55,"column":82},"end":{"line":55,"column":83}},"loc":{"start":{"line":55,"column":94},"end":{"line":79,"column":1}},"line":55},"17":{"name":"(anonymous_17)","decl":{"start":{"line":57,"column":29},"end":{"line":57,"column":30}},"loc":{"start":{"line":57,"column":43},"end":{"line":78,"column":5}},"line":57},"18":{"name":"(anonymous_18)","decl":{"start":{"line":80,"column":22},"end":{"line":80,"column":23}},"loc":{"start":{"line":80,"column":42},"end":{"line":104,"column":5}},"line":80},"19":{"name":"(anonymous_19)","decl":{"start":{"line":80,"column":85},"end":{"line":80,"column":86}},"loc":{"start":{"line":80,"column":97},"end":{"line":104,"column":1}},"line":80},"20":{"name":"(anonymous_20)","decl":{"start":{"line":82,"column":29},"end":{"line":82,"column":30}},"loc":{"start":{"line":82,"column":43},"end":{"line":103,"column":5}},"line":82},"21":{"name":"(anonymous_21)","decl":{"start":{"line":105,"column":21},"end":{"line":105,"column":22}},"loc":{"start":{"line":105,"column":41},"end":{"line":129,"column":5}},"line":105},"22":{"name":"(anonymous_22)","decl":{"start":{"line":105,"column":84},"end":{"line":105,"column":85}},"loc":{"start":{"line":105,"column":96},"end":{"line":129,"column":1}},"line":105},"23":{"name":"(anonymous_23)","decl":{"start":{"line":107,"column":29},"end":{"line":107,"column":30}},"loc":{"start":{"line":107,"column":43},"end":{"line":128,"column":5}},"line":107},"24":{"name":"(anonymous_24)","decl":{"start":{"line":130,"column":18},"end":{"line":130,"column":19}},"loc":{"start":{"line":130,"column":38},"end":{"line":158,"column":5}},"line":130},"25":{"name":"(anonymous_25)","decl":{"start":{"line":130,"column":81},"end":{"line":130,"column":82}},"loc":{"start":{"line":130,"column":93},"end":{"line":158,"column":1}},"line":130},"26":{"name":"(anonymous_26)","decl":{"start":{"line":132,"column":29},"end":{"line":132,"column":30}},"loc":{"start":{"line":132,"column":43},"end":{"line":157,"column":5}},"line":132},"27":{"name":"(anonymous_27)","decl":{"start":{"line":159,"column":17},"end":{"line":159,"column":18}},"loc":{"start":{"line":159,"column":37},"end":{"line":185,"column":5}},"line":159},"28":{"name":"(anonymous_28)","decl":{"start":{"line":159,"column":80},"end":{"line":159,"column":81}},"loc":{"start":{"line":159,"column":92},"end":{"line":185,"column":1}},"line":159},"29":{"name":"(anonymous_29)","decl":{"start":{"line":161,"column":29},"end":{"line":161,"column":30}},"loc":{"start":{"line":161,"column":43},"end":{"line":184,"column":5}},"line":161},"30":{"name":"(anonymous_30)","decl":{"start":{"line":186,"column":21},"end":{"line":186,"column":22}},"loc":{"start":{"line":186,"column":41},"end":{"line":212,"column":5}},"line":186},"31":{"name":"(anonymous_31)","decl":{"start":{"line":186,"column":84},"end":{"line":186,"column":85}},"loc":{"start":{"line":186,"column":96},"end":{"line":212,"column":1}},"line":186},"32":{"name":"(anonymous_32)","decl":{"start":{"line":188,"column":29},"end":{"line":188,"column":30}},"loc":{"start":{"line":188,"column":43},"end":{"line":211,"column":5}},"line":188},"33":{"name":"(anonymous_33)","decl":{"start":{"line":213,"column":22},"end":{"line":213,"column":23}},"loc":{"start":{"line":213,"column":42},"end":{"line":239,"column":5}},"line":213},"34":{"name":"(anonymous_34)","decl":{"start":{"line":213,"column":85},"end":{"line":213,"column":86}},"loc":{"start":{"line":213,"column":97},"end":{"line":239,"column":1}},"line":213},"35":{"name":"(anonymous_35)","decl":{"start":{"line":215,"column":29},"end":{"line":215,"column":30}},"loc":{"start":{"line":215,"column":43},"end":{"line":238,"column":5}},"line":215},"36":{"name":"(anonymous_36)","decl":{"start":{"line":240,"column":26},"end":{"line":240,"column":27}},"loc":{"start":{"line":240,"column":46},"end":{"line":266,"column":5}},"line":240},"37":{"name":"(anonymous_37)","decl":{"start":{"line":240,"column":89},"end":{"line":240,"column":90}},"loc":{"start":{"line":240,"column":101},"end":{"line":266,"column":1}},"line":240},"38":{"name":"(anonymous_38)","decl":{"start":{"line":242,"column":29},"end":{"line":242,"column":30}},"loc":{"start":{"line":242,"column":43},"end":{"line":265,"column":5}},"line":242},"39":{"name":"(anonymous_39)","decl":{"start":{"line":267,"column":17},"end":{"line":267,"column":18}},"loc":{"start":{"line":267,"column":37},"end":{"line":292,"column":5}},"line":267},"40":{"name":"(anonymous_40)","decl":{"start":{"line":267,"column":80},"end":{"line":267,"column":81}},"loc":{"start":{"line":267,"column":92},"end":{"line":292,"column":1}},"line":267},"41":{"name":"(anonymous_41)","decl":{"start":{"line":269,"column":29},"end":{"line":269,"column":30}},"loc":{"start":{"line":269,"column":43},"end":{"line":291,"column":5}},"line":269},"42":{"name":"(anonymous_42)","decl":{"start":{"line":293,"column":18},"end":{"line":293,"column":19}},"loc":{"start":{"line":293,"column":38},"end":{"line":318,"column":5}},"line":293},"43":{"name":"(anonymous_43)","decl":{"start":{"line":293,"column":81},"end":{"line":293,"column":82}},"loc":{"start":{"line":293,"column":93},"end":{"line":318,"column":1}},"line":293},"44":{"name":"(anonymous_44)","decl":{"start":{"line":295,"column":29},"end":{"line":295,"column":30}},"loc":{"start":{"line":295,"column":43},"end":{"line":317,"column":5}},"line":295},"45":{"name":"(anonymous_45)","decl":{"start":{"line":319,"column":17},"end":{"line":319,"column":18}},"loc":{"start":{"line":319,"column":37},"end":{"line":344,"column":5}},"line":319},"46":{"name":"(anonymous_46)","decl":{"start":{"line":319,"column":80},"end":{"line":319,"column":81}},"loc":{"start":{"line":319,"column":92},"end":{"line":344,"column":1}},"line":319},"47":{"name":"(anonymous_47)","decl":{"start":{"line":321,"column":29},"end":{"line":321,"column":30}},"loc":{"start":{"line":321,"column":43},"end":{"line":343,"column":5}},"line":321},"48":{"name":"(anonymous_48)","decl":{"start":{"line":345,"column":19},"end":{"line":345,"column":20}},"loc":{"start":{"line":345,"column":39},"end":{"line":371,"column":5}},"line":345},"49":{"name":"(anonymous_49)","decl":{"start":{"line":345,"column":82},"end":{"line":345,"column":83}},"loc":{"start":{"line":345,"column":94},"end":{"line":371,"column":1}},"line":345},"50":{"name":"(anonymous_50)","decl":{"start":{"line":347,"column":29},"end":{"line":347,"column":30}},"loc":{"start":{"line":347,"column":43},"end":{"line":370,"column":5}},"line":347},"51":{"name":"(anonymous_51)","decl":{"start":{"line":372,"column":20},"end":{"line":372,"column":21}},"loc":{"start":{"line":372,"column":40},"end":{"line":398,"column":5}},"line":372},"52":{"name":"(anonymous_52)","decl":{"start":{"line":372,"column":83},"end":{"line":372,"column":84}},"loc":{"start":{"line":372,"column":95},"end":{"line":398,"column":1}},"line":372},"53":{"name":"(anonymous_53)","decl":{"start":{"line":374,"column":29},"end":{"line":374,"column":30}},"loc":{"start":{"line":374,"column":43},"end":{"line":397,"column":5}},"line":374},"54":{"name":"(anonymous_54)","decl":{"start":{"line":399,"column":17},"end":{"line":399,"column":18}},"loc":{"start":{"line":399,"column":37},"end":{"line":426,"column":5}},"line":399},"55":{"name":"(anonymous_55)","decl":{"start":{"line":399,"column":80},"end":{"line":399,"column":81}},"loc":{"start":{"line":399,"column":92},"end":{"line":426,"column":1}},"line":399},"56":{"name":"(anonymous_56)","decl":{"start":{"line":401,"column":29},"end":{"line":401,"column":30}},"loc":{"start":{"line":401,"column":43},"end":{"line":425,"column":5}},"line":401},"57":{"name":"(anonymous_57)","decl":{"start":{"line":412,"column":27},"end":{"line":412,"column":28}},"loc":{"start":{"line":412,"column":44},"end":{"line":417,"column":13}},"line":412}},"branchMap":{"0":{"loc":{"start":{"line":2,"column":15},"end":{"line":12,"column":1}},"type":"binary-expr","locations":[{"start":{"line":2,"column":16},"end":{"line":2,"column":20}},{"start":{"line":2,"column":24},"end":{"line":2,"column":37}},{"start":{"line":2,"column":42},"end":{"line":12,"column":1}}],"line":2},"1":{"loc":{"start":{"line":3,"column":15},"end":{"line":10,"column":5}},"type":"binary-expr","locations":[{"start":{"line":3,"column":15},"end":{"line":3,"column":28}},{"start":{"line":3,"column":32},"end":{"line":10,"column":5}}],"line":3},"2":{"loc":{"start":{"line":6,"column":29},"end":{"line":7,"column":28}},"type":"if","locations":[{"start":{"line":6,"column":29},"end":{"line":7,"column":28}},{"start":{},"end":{}}],"line":6},"3":{"loc":{"start":{"line":13,"column":16},"end":{"line":21,"column":1}},"type":"binary-expr","locations":[{"start":{"line":13,"column":17},"end":{"line":13,"column":21}},{"start":{"line":13,"column":25},"end":{"line":13,"column":39}},{"start":{"line":13,"column":44},"end":{"line":21,"column":1}}],"line":13},"4":{"loc":{"start":{"line":14,"column":35},"end":{"line":14,"column":109}},"type":"cond-expr","locations":[{"start":{"line":14,"column":56},"end":{"line":14,"column":61}},{"start":{"line":14,"column":64},"end":{"line":14,"column":109}}],"line":14},"5":{"loc":{"start":{"line":15,"column":16},"end":{"line":15,"column":34}},"type":"binary-expr","locations":[{"start":{"line":15,"column":16},"end":{"line":15,"column":17}},{"start":{"line":15,"column":22},"end":{"line":15,"column":33}}],"line":15},"6":{"loc":{"start":{"line":18,"column":32},"end":{"line":18,"column":115}},"type":"cond-expr","locations":[{"start":{"line":18,"column":46},"end":{"line":18,"column":67}},{"start":{"line":18,"column":70},"end":{"line":18,"column":115}}],"line":18},"7":{"loc":{"start":{"line":19,"column":51},"end":{"line":19,"column":67}},"type":"binary-expr","locations":[{"start":{"line":19,"column":51},"end":{"line":19,"column":61}},{"start":{"line":19,"column":65},"end":{"line":19,"column":67}}],"line":19},"8":{"loc":{"start":{"line":22,"column":18},"end":{"line":48,"column":1}},"type":"binary-expr","locations":[{"start":{"line":22,"column":19},"end":{"line":22,"column":23}},{"start":{"line":22,"column":27},"end":{"line":22,"column":43}},{"start":{"line":22,"column":48},"end":{"line":48,"column":1}}],"line":22},"9":{"loc":{"start":{"line":23,"column":43},"end":{"line":23,"column":68}},"type":"if","locations":[{"start":{"line":23,"column":43},"end":{"line":23,"column":68}},{"start":{},"end":{}}],"line":23},"10":{"loc":{"start":{"line":24,"column":71},"end":{"line":24,"column":153}},"type":"binary-expr","locations":[{"start":{"line":24,"column":71},"end":{"line":24,"column":99}},{"start":{"line":24,"column":104},"end":{"line":24,"column":152}}],"line":24},"11":{"loc":{"start":{"line":27,"column":8},"end":{"line":27,"column":70}},"type":"if","locations":[{"start":{"line":27,"column":8},"end":{"line":27,"column":70}},{"start":{},"end":{}}],"line":27},"12":{"loc":{"start":{"line":28,"column":15},"end":{"line":28,"column":45}},"type":"binary-expr","locations":[{"start":{"line":28,"column":15},"end":{"line":28,"column":16}},{"start":{"line":28,"column":21},"end":{"line":28,"column":44}}],"line":28},"13":{"loc":{"start":{"line":28,"column":28},"end":{"line":28,"column":44}},"type":"binary-expr","locations":[{"start":{"line":28,"column":28},"end":{"line":28,"column":33}},{"start":{"line":28,"column":38},"end":{"line":28,"column":43}}],"line":28},"14":{"loc":{"start":{"line":29,"column":12},"end":{"line":29,"column":169}},"type":"if","locations":[{"start":{"line":29,"column":12},"end":{"line":29,"column":169}},{"start":{},"end":{}}],"line":29},"15":{"loc":{"start":{"line":29,"column":23},"end":{"line":29,"column":158}},"type":"binary-expr","locations":[{"start":{"line":29,"column":23},"end":{"line":29,"column":24}},{"start":{"line":29,"column":29},"end":{"line":29,"column":125}},{"start":{"line":29,"column":130},"end":{"line":29,"column":158}}],"line":29},"16":{"loc":{"start":{"line":29,"column":33},"end":{"line":29,"column":125}},"type":"cond-expr","locations":[{"start":{"line":29,"column":45},"end":{"line":29,"column":56}},{"start":{"line":29,"column":59},"end":{"line":29,"column":125}}],"line":29},"17":{"loc":{"start":{"line":29,"column":59},"end":{"line":29,"column":125}},"type":"cond-expr","locations":[{"start":{"line":29,"column":67},"end":{"line":29,"column":116}},{"start":{"line":29,"column":119},"end":{"line":29,"column":125}}],"line":29},"18":{"loc":{"start":{"line":29,"column":67},"end":{"line":29,"column":116}},"type":"binary-expr","locations":[{"start":{"line":29,"column":67},"end":{"line":29,"column":77}},{"start":{"line":29,"column":82},"end":{"line":29,"column":115}}],"line":29},"19":{"loc":{"start":{"line":29,"column":82},"end":{"line":29,"column":112}},"type":"binary-expr","locations":[{"start":{"line":29,"column":83},"end":{"line":29,"column":98}},{"start":{"line":29,"column":103},"end":{"line":29,"column":112}}],"line":29},"20":{"loc":{"start":{"line":30,"column":12},"end":{"line":30,"column":52}},"type":"if","locations":[{"start":{"line":30,"column":12},"end":{"line":30,"column":52}},{"start":{},"end":{}}],"line":30},"21":{"loc":{"start":{"line":31,"column":12},"end":{"line":43,"column":13}},"type":"switch","locations":[{"start":{"line":32,"column":16},"end":{"line":32,"column":23}},{"start":{"line":32,"column":24},"end":{"line":32,"column":46}},{"start":{"line":33,"column":16},"end":{"line":33,"column":72}},{"start":{"line":34,"column":16},"end":{"line":34,"column":65}},{"start":{"line":35,"column":16},"end":{"line":35,"column":65}},{"start":{"line":36,"column":16},"end":{"line":42,"column":43}}],"line":31},"22":{"loc":{"start":{"line":37,"column":20},"end":{"line":37,"column":128}},"type":"if","locations":[{"start":{"line":37,"column":20},"end":{"line":37,"column":128}},{"start":{},"end":{}}],"line":37},"23":{"loc":{"start":{"line":37,"column":24},"end":{"line":37,"column":106}},"type":"binary-expr","locations":[{"start":{"line":37,"column":24},"end":{"line":37,"column":74}},{"start":{"line":37,"column":79},"end":{"line":37,"column":90}},{"start":{"line":37,"column":94},"end":{"line":37,"column":105}}],"line":37},"24":{"loc":{"start":{"line":37,"column":42},"end":{"line":37,"column":73}},"type":"binary-expr","locations":[{"start":{"line":37,"column":42},"end":{"line":37,"column":54}},{"start":{"line":37,"column":58},"end":{"line":37,"column":73}}],"line":37},"25":{"loc":{"start":{"line":38,"column":20},"end":{"line":38,"column":106}},"type":"if","locations":[{"start":{"line":38,"column":20},"end":{"line":38,"column":106}},{"start":{},"end":{}}],"line":38},"26":{"loc":{"start":{"line":38,"column":24},"end":{"line":38,"column":77}},"type":"binary-expr","locations":[{"start":{"line":38,"column":24},"end":{"line":38,"column":35}},{"start":{"line":38,"column":40},"end":{"line":38,"column":42}},{"start":{"line":38,"column":47},"end":{"line":38,"column":59}},{"start":{"line":38,"column":63},"end":{"line":38,"column":75}}],"line":38},"27":{"loc":{"start":{"line":39,"column":20},"end":{"line":39,"column":89}},"type":"if","locations":[{"start":{"line":39,"column":20},"end":{"line":39,"column":89}},{"start":{},"end":{}}],"line":39},"28":{"loc":{"start":{"line":39,"column":24},"end":{"line":39,"column":53}},"type":"binary-expr","locations":[{"start":{"line":39,"column":24},"end":{"line":39,"column":35}},{"start":{"line":39,"column":39},"end":{"line":39,"column":53}}],"line":39},"29":{"loc":{"start":{"line":40,"column":20},"end":{"line":40,"column":87}},"type":"if","locations":[{"start":{"line":40,"column":20},"end":{"line":40,"column":87}},{"start":{},"end":{}}],"line":40},"30":{"loc":{"start":{"line":40,"column":24},"end":{"line":40,"column":43}},"type":"binary-expr","locations":[{"start":{"line":40,"column":24},"end":{"line":40,"column":25}},{"start":{"line":40,"column":29},"end":{"line":40,"column":43}}],"line":40},"31":{"loc":{"start":{"line":41,"column":20},"end":{"line":41,"column":42}},"type":"if","locations":[{"start":{"line":41,"column":20},"end":{"line":41,"column":42}},{"start":{},"end":{}}],"line":41},"32":{"loc":{"start":{"line":46,"column":8},"end":{"line":46,"column":35}},"type":"if","locations":[{"start":{"line":46,"column":8},"end":{"line":46,"column":35}},{"start":{},"end":{}}],"line":46},"33":{"loc":{"start":{"line":46,"column":52},"end":{"line":46,"column":74}},"type":"cond-expr","locations":[{"start":{"line":46,"column":60},"end":{"line":46,"column":65}},{"start":{"line":46,"column":68},"end":{"line":46,"column":74}}],"line":46},"34":{"loc":{"start":{"line":58,"column":8},"end":{"line":77,"column":9}},"type":"switch","locations":[{"start":{"line":59,"column":12},"end":{"line":62,"column":82}},{"start":{"line":63,"column":12},"end":{"line":66,"column":40}},{"start":{"line":67,"column":12},"end":{"line":69,"column":29}},{"start":{"line":70,"column":12},"end":{"line":70,"column":44}},{"start":{"line":71,"column":12},"end":{"line":75,"column":40}},{"start":{"line":76,"column":12},"end":{"line":76,"column":42}}],"line":58},"35":{"loc":{"start":{"line":61,"column":16},"end":{"line":61,"column":55}},"type":"if","locations":[{"start":{"line":61,"column":16},"end":{"line":61,"column":55}},{"start":{},"end":{}}],"line":61},"36":{"loc":{"start":{"line":83,"column":8},"end":{"line":102,"column":9}},"type":"switch","locations":[{"start":{"line":84,"column":12},"end":{"line":87,"column":63}},{"start":{"line":88,"column":12},"end":{"line":91,"column":40}},{"start":{"line":92,"column":12},"end":{"line":94,"column":29}},{"start":{"line":95,"column":12},"end":{"line":95,"column":44}},{"start":{"line":96,"column":12},"end":{"line":100,"column":40}},{"start":{"line":101,"column":12},"end":{"line":101,"column":42}}],"line":83},"37":{"loc":{"start":{"line":86,"column":16},"end":{"line":86,"column":55}},"type":"if","locations":[{"start":{"line":86,"column":16},"end":{"line":86,"column":55}},{"start":{},"end":{}}],"line":86},"38":{"loc":{"start":{"line":108,"column":8},"end":{"line":127,"column":9}},"type":"switch","locations":[{"start":{"line":109,"column":12},"end":{"line":112,"column":80}},{"start":{"line":113,"column":12},"end":{"line":116,"column":40}},{"start":{"line":117,"column":12},"end":{"line":119,"column":29}},{"start":{"line":120,"column":12},"end":{"line":120,"column":44}},{"start":{"line":121,"column":12},"end":{"line":125,"column":40}},{"start":{"line":126,"column":12},"end":{"line":126,"column":42}}],"line":108},"39":{"loc":{"start":{"line":111,"column":16},"end":{"line":111,"column":55}},"type":"if","locations":[{"start":{"line":111,"column":16},"end":{"line":111,"column":55}},{"start":{},"end":{}}],"line":111},"40":{"loc":{"start":{"line":133,"column":8},"end":{"line":156,"column":9}},"type":"switch","locations":[{"start":{"line":134,"column":12},"end":{"line":138,"column":66}},{"start":{"line":139,"column":12},"end":{"line":145,"column":40}},{"start":{"line":146,"column":12},"end":{"line":148,"column":29}},{"start":{"line":149,"column":12},"end":{"line":149,"column":44}},{"start":{"line":150,"column":12},"end":{"line":154,"column":40}},{"start":{"line":155,"column":12},"end":{"line":155,"column":42}}],"line":133},"41":{"loc":{"start":{"line":136,"column":16},"end":{"line":136,"column":55}},"type":"if","locations":[{"start":{"line":136,"column":16},"end":{"line":136,"column":55}},{"start":{},"end":{}}],"line":136},"42":{"loc":{"start":{"line":141,"column":16},"end":{"line":144,"column":47}},"type":"if","locations":[{"start":{"line":141,"column":16},"end":{"line":144,"column":47}},{"start":{"line":144,"column":20},"end":{"line":144,"column":47}}],"line":141},"43":{"loc":{"start":{"line":162,"column":8},"end":{"line":183,"column":9}},"type":"switch","locations":[{"start":{"line":163,"column":12},"end":{"line":167,"column":64}},{"start":{"line":168,"column":12},"end":{"line":172,"column":40}},{"start":{"line":173,"column":12},"end":{"line":175,"column":29}},{"start":{"line":176,"column":12},"end":{"line":176,"column":44}},{"start":{"line":177,"column":12},"end":{"line":181,"column":40}},{"start":{"line":182,"column":12},"end":{"line":182,"column":42}}],"line":162},"44":{"loc":{"start":{"line":165,"column":16},"end":{"line":165,"column":55}},"type":"if","locations":[{"start":{"line":165,"column":16},"end":{"line":165,"column":55}},{"start":{},"end":{}}],"line":165},"45":{"loc":{"start":{"line":189,"column":8},"end":{"line":210,"column":9}},"type":"switch","locations":[{"start":{"line":190,"column":12},"end":{"line":195,"column":72}},{"start":{"line":196,"column":12},"end":{"line":199,"column":40}},{"start":{"line":200,"column":12},"end":{"line":202,"column":29}},{"start":{"line":203,"column":12},"end":{"line":203,"column":44}},{"start":{"line":204,"column":12},"end":{"line":208,"column":40}},{"start":{"line":209,"column":12},"end":{"line":209,"column":42}}],"line":189},"46":{"loc":{"start":{"line":192,"column":16},"end":{"line":192,"column":55}},"type":"if","locations":[{"start":{"line":192,"column":16},"end":{"line":192,"column":55}},{"start":{},"end":{}}],"line":192},"47":{"loc":{"start":{"line":216,"column":8},"end":{"line":237,"column":9}},"type":"switch","locations":[{"start":{"line":217,"column":12},"end":{"line":222,"column":72}},{"start":{"line":223,"column":12},"end":{"line":226,"column":40}},{"start":{"line":227,"column":12},"end":{"line":229,"column":29}},{"start":{"line":230,"column":12},"end":{"line":230,"column":44}},{"start":{"line":231,"column":12},"end":{"line":235,"column":40}},{"start":{"line":236,"column":12},"end":{"line":236,"column":42}}],"line":216},"48":{"loc":{"start":{"line":219,"column":16},"end":{"line":219,"column":55}},"type":"if","locations":[{"start":{"line":219,"column":16},"end":{"line":219,"column":55}},{"start":{},"end":{}}],"line":219},"49":{"loc":{"start":{"line":243,"column":8},"end":{"line":264,"column":9}},"type":"switch","locations":[{"start":{"line":244,"column":12},"end":{"line":249,"column":80}},{"start":{"line":250,"column":12},"end":{"line":253,"column":40}},{"start":{"line":254,"column":12},"end":{"line":256,"column":29}},{"start":{"line":257,"column":12},"end":{"line":257,"column":44}},{"start":{"line":258,"column":12},"end":{"line":262,"column":40}},{"start":{"line":263,"column":12},"end":{"line":263,"column":42}}],"line":243},"50":{"loc":{"start":{"line":246,"column":16},"end":{"line":246,"column":55}},"type":"if","locations":[{"start":{"line":246,"column":16},"end":{"line":246,"column":55}},{"start":{},"end":{}}],"line":246},"51":{"loc":{"start":{"line":270,"column":8},"end":{"line":290,"column":9}},"type":"switch","locations":[{"start":{"line":271,"column":12},"end":{"line":275,"column":63}},{"start":{"line":276,"column":12},"end":{"line":279,"column":40}},{"start":{"line":280,"column":12},"end":{"line":282,"column":29}},{"start":{"line":283,"column":12},"end":{"line":283,"colum
[...]
rt":{"line":3,"column":70},"end":{"line":3,"column":71}},"loc":{"start":{"line":3,"column":89},"end":{"line":3,"column":108}},"line":3},"3":{"name":"(anonymous_3)","decl":{"start":{"line":4,"column":36},"end":{"line":4,"column":37}},"loc":{"start":{"line":4,"column":63},"end":{"line":9,"column":5}},"line":4},"4":{"name":"fulfilled","decl":{"start":{"line":5,"column":17},"end":{"line":5,"column":26}},"loc":{"start":{"line":5,"column":34},"end":{"line":5,"column":99}},"line":5},"5":{"name":"rejected","decl":{"start":{"line":6,"column":17},"end":{"line":6,"column":25}},"loc":{"start":{"line":6,"column":33},"end":{"line":6,"column":102}},"line":6},"6":{"name":"step","decl":{"start":{"line":7,"column":17},"end":{"line":7,"column":21}},"loc":{"start":{"line":7,"column":30},"end":{"line":7,"column":118}},"line":7},"7":{"name":"(anonymous_7)","decl":{"start":{"line":11,"column":48},"end":{"line":11,"column":49}},"loc":{"start":{"line":11,"column":73},"end":{"line":37,"column":1}},"line":11},"8":{"name":"(anonymous_8)","decl":{"start":{"line":12,"column":30},"end":{"line":12,"column":31}},"loc":{"start":{"line":12,"column":41},"end":{"line":12,"column":83}},"line":12},"9":{"name":"(anonymous_9)","decl":{"start":{"line":13,"column":125},"end":{"line":13,"column":126}},"loc":{"start":{"line":13,"column":136},"end":{"line":13,"column":152}},"line":13},"10":{"name":"verb","decl":{"start":{"line":14,"column":13},"end":{"line":14,"column":17}},"loc":{"start":{"line":14,"column":21},"end":{"line":14,"column":70}},"line":14},"11":{"name":"(anonymous_11)","decl":{"start":{"line":14,"column":30},"end":{"line":14,"column":31}},"loc":{"start":{"line":14,"column":43},"end":{"line":14,"column":67}},"line":14},"12":{"name":"step","decl":{"start":{"line":15,"column":13},"end":{"line":15,"column":17}},"loc":{"start":{"line":15,"column":22},"end":{"line":36,"column":5}},"line":15},"13":{"name":"(anonymous_13)","decl":{"start":{"line":42,"column":15},"end":{"line":42,"column":16}},"loc":{"start":{"line":42,"column":31},"end":{"line":44,"column":1}},"line":42},"14":{"name":"(anonymous_14)","decl":{"start":{"line":45,"column":22},"end":{"line":45,"column":23}},"loc":{"start":{"line":45,"column":39},"end":{"line":55,"column":5}},"line":45},"15":{"name":"(anonymous_15)","decl":{"start":{"line":45,"column":82},"end":{"line":45,"column":83}},"loc":{"start":{"line":45,"column":94},"end":{"line":55,"column":1}},"line":45},"16":{"name":"(anonymous_16)","decl":{"start":{"line":47,"column":29},"end":{"line":47,"column":30}},"loc":{"start":{"line":47,"column":43},"end":{"line":54,"column":5}},"line":47},"17":{"name":"(anonymous_17)","decl":{"start":{"line":56,"column":19},"end":{"line":56,"column":20}},"loc":{"start":{"line":56,"column":33},"end":{"line":66,"column":5}},"line":56},"18":{"name":"(anonymous_18)","decl":{"start":{"line":56,"column":76},"end":{"line":56,"column":77}},"loc":{"start":{"line":56,"column":88},"end":{"line":66,"column":1}},"line":56},"19":{"name":"(anonymous_19)","decl":{"start":{"line":58,"column":29},"end":{"line":58,"column":30}},"loc":{"start":{"line":58,"column":43},"end":{"line":65,"column":5}},"line":58},"20":{"name":"(anonymous_20)","decl":{"start":{"line":67,"column":16},"end":{"line":67,"column":17}},"loc":{"start":{"line":67,"column":30},"end":{"line":77,"column":5}},"line":67},"21":{"name":"(anonymous_21)","decl":{"start":{"line":67,"column":73},"end":{"line":67,"column":74}},"loc":{"start":{"line":67,"column":85},"end":{"line":77,"column":1}},"line":67},"22":{"name":"(anonymous_22)","decl":{"start":{"line":69,"column":29},"end":{"line":69,"column":30}},"loc":{"start":{"line":69,"column":43},"end":{"line":76,"column":5}},"line":69},"23":{"name":"(anonymous_23)","decl":{"start":{"line":78,"column":25},"end":{"line":78,"column":26}},"loc":{"start":{"line":78,"column":46},"end":{"line":95,"column":5}},"line":78},"24":{"name":"(anonymous_24)","decl":{"start":{"line":78,"column":89},"end":{"line":78,"column":90}},"loc":{"start":{"line":78,"column":101},"end":{"line":95,"column":1}},"line":78},"25":{"name":"(anonymous_25)","decl":{"start":{"line":80,"column":29},"end":{"line":80,"column":30}},"loc":{"start":{"line":80,"column":43},"end":{"line":94,"column":5}},"line":80},"26":{"name":"(anonymous_26)","decl":{"start":{"line":86,"column":49},"end":{"line":86,"column":50}},"loc":{"start":{"line":86,"column":66},"end":{"line":88,"column":17}},"line":86},"27":{"name":"(anonymous_27)","decl":{"start":{"line":96,"column":26},"end":{"line":96,"column":27}},"loc":{"start":{"line":96,"column":43},"end":{"line":106,"column":5}},"line":96},"28":{"name":"(anonymous_28)","decl":{"start":{"line":96,"column":86},"end":{"line":96,"column":87}},"loc":{"start":{"line":96,"column":98},"end":{"line":106,"column":1}},"line":96},"29":{"name":"(anonymous_29)","decl":{"start":{"line":98,"column":29},"end":{"line":98,"column":30}},"loc":{"start":{"line":98,"column":43},"end":{"line":105,"column":5}},"line":98}},"branchMap":{"0":{"loc":{"start":{"line":2,"column":16},"end":{"line":10,"column":1}},"type":"binary-expr","locations":[{"start":{"line":2,"column":17},"end":{"line":2,"column":21}},{"start":{"line":2,"column":25},"end":{"line":2,"column":39}},{"start":{"line":2,"column":44},"end":{"line":10,"column":1}}],"line":2},"1":{"loc":{"start":{"line":3,"column":35},"end":{"line":3,"column":109}},"type":"cond-expr","locations":[{"start":{"line":3,"column":56},"end":{"line":3,"column":61}},{"start":{"line":3,"column":64},"end":{"line":3,"column":109}}],"line":3},"2":{"loc":{"start":{"line":4,"column":16},"end":{"line":4,"column":34}},"type":"binary-expr","locations":[{"start":{"line":4,"column":16},"end":{"line":4,"column":17}},{"start":{"line":4,"column":22},"end":{"line":4,"column":33}}],"line":4},"3":{"loc":{"start":{"line":7,"column":32},"end":{"line":7,"column":115}},"type":"cond-expr","locations":[{"start":{"line":7,"column":46},"end":{"line":7,"column":67}},{"start":{"line":7,"column":70},"end":{"line":7,"column":115}}],"line":7},"4":{"loc":{"start":{"line":8,"column":51},"end":{"line":8,"column":67}},"type":"binary-expr","locations":[{"start":{"line":8,"column":51},"end":{"line":8,"column":61}},{"start":{"line":8,"column":65},"end":{"line":8,"column":67}}],"line":8},"5":{"loc":{"start":{"line":11,"column":18},"end":{"line":37,"column":1}},"type":"binary-expr","locations":[{"start":{"line":11,"column":19},"end":{"line":11,"column":23}},{"start":{"line":11,"column":27},"end":{"line":11,"column":43}},{"start":{"line":11,"column":48},"end":{"line":37,"column":1}}],"line":11},"6":{"loc":{"start":{"line":12,"column":43},"end":{"line":12,"column":68}},"type":"if","locations":[{"start":{"line":12,"column":43},"end":{"line":12,"column":68}},{"start":{},"end":{}}],"line":12},"7":{"loc":{"start":{"line":13,"column":71},"end":{"line":13,"column":153}},"type":"binary-expr","locations":[{"start":{"line":13,"column":71},"end":{"line":13,"column":99}},{"start":{"line":13,"column":104},"end":{"line":13,"column":152}}],"line":13},"8":{"loc":{"start":{"line":16,"column":8},"end":{"line":16,"column":70}},"type":"if","locations":[{"start":{"line":16,"column":8},"end":{"line":16,"column":70}},{"start":{},"end":{}}],"line":16},"9":{"loc":{"start":{"line":17,"column":15},"end":{"line":17,"column":45}},"type":"binary-expr","locations":[{"start":{"line":17,"column":15},"end":{"line":17,"column":16}},{"start":{"line":17,"column":21},"end":{"line":17,"column":44}}],"line":17},"10":{"loc":{"start":{"line":17,"column":28},"end":{"line":17,"column":44}},"type":"binary-expr","locations":[{"start":{"line":17,"column":28},"end":{"line":17,"column":33}},{"start":{"line":17,"column":38},"end":{"line":17,"column":43}}],"line":17},"11":{"loc":{"start":{"line":18,"column":12},"end":{"line":18,"column":169}},"type":"if","locations":[{"start":{"line":18,"column":12},"end":{"line":18,"column":169}},{"start":{},"end":{}}],"line":18},"12":{"loc":{"start":{"line":18,"column":23},"end":{"line":18,"column":158}},"type":"binary-expr","locations":[{"start":{"line":18,"column":23},"end":{"line":18,"column":24}},{"start":{"line":18,"column":29},"end":{"line":18,"column":125}},{"start":{"line":18,"column":130},"end":{"line":18,"column":158}}],"line":18},"13":{"loc":{"start":{"line":18,"column":33},"end":{"line":18,"column":125}},"type":"cond-expr","locations":[{"start":{"line":18,"column":45},"end":{"line":18,"column":56}},{"start":{"line":18,"column":59},"end":{"line":18,"column":125}}],"line":18},"14":{"loc":{"start":{"line":18,"column":59},"end":{"line":18,"column":125}},"type":"cond-expr","locations":[{"start":{"line":18,"column":67},"end":{"line":18,"column":116}},{"start":{"line":18,"column":119},"end":{"line":18,"column":125}}],"line":18},"15":{"loc":{"start":{"line":18,"column":67},"end":{"line":18,"column":116}},"type":"binary-expr","locations":[{"start":{"line":18,"column":67},"end":{"line":18,"column":77}},{"start":{"line":18,"column":82},"end":{"line":18,"column":115}}],"line":18},"16":{"loc":{"start":{"line":18,"column":82},"end":{"line":18,"column":112}},"type":"binary-expr","locations":[{"start":{"line":18,"column":83},"end":{"line":18,"column":98}},{"start":{"line":18,"column":103},"end":{"line":18,"column":112}}],"line":18},"17":{"loc":{"start":{"line":19,"column":12},"end":{"line":19,"column":52}},"type":"if","locations":[{"start":{"line":19,"column":12},"end":{"line":19,"column":52}},{"start":{},"end":{}}],"line":19},"18":{"loc":{"start":{"line":20,"column":12},"end":{"line":32,"column":13}},"type":"switch","locations":[{"start":{"line":21,"column":16},"end":{"line":21,"column":23}},{"start":{"line":21,"column":24},"end":{"line":21,"column":46}},{"start":{"line":22,"column":16},"end":{"line":22,"column":72}},{"start":{"line":23,"column":16},"end":{"line":23,"column":65}},{"start":{"line":24,"column":16},"end":{"line":24,"column":65}},{"start":{"line":25,"column":16},"end":{"line":31,"column":43}}],"line":20},"19":{"loc":{"start":{"line":26,"column":20},"end":{"line":26,"column":128}},"type":"if","locations":[{"start":{"line":26,"column":20},"end":{"line":26,"column":128}},{"start":{},"end":{}}],"line":26},"20":{"loc":{"start":{"line":26,"column":24},"end":{"line":26,"column":106}},"type":"binary-expr","locations":[{"start":{"line":26,"column":24},"end":{"line":26,"column":74}},{"start":{"line":26,"column":79},"end":{"line":26,"column":90}},{"start":{"line":26,"column":94},"end":{"line":26,"column":105}}],"line":26},"21":{"loc":{"start":{"line":26,"column":42},"end":{"line":26,"column":73}},"type":"binary-expr","locations":[{"start":{"line":26,"column":42},"end":{"line":26,"column":54}},{"start":{"line":26,"column":58},"end":{"line":26,"column":73}}],"line":26},"22":{"loc":{"start":{"line":27,"column":20},"end":{"line":27,"column":106}},"type":"if","locations":[{"start":{"line":27,"column":20},"end":{"line":27,"column":106}},{"start":{},"end":{}}],"line":27},"23":{"loc":{"start":{"line":27,"column":24},"end":{"line":27,"column":77}},"type":"binary-expr","locations":[{"start":{"line":27,"column":24},"end":{"line":27,"column":35}},{"start":{"line":27,"column":40},"end":{"line":27,"column":42}},{"start":{"line":27,"column":47},"end":{"line":27,"column":59}},{"start":{"line":27,"column":63},"end":{"line":27,"column":75}}],"line":27},"24":{"loc":{"start":{"line":28,"column":20},"end":{"line":28,"column":89}},"type":"if","locations":[{"start":{"line":28,"column":20},"end":{"line":28,"column":89}},{"start":{},"end":{}}],"line":28},"25":{"loc":{"start":{"line":28,"column":24},"end":{"line":28,"column":53}},"type":"binary-expr","locations":[{"start":{"line":28,"column":24},"end":{"line":28,"column":35}},{"start":{"line":28,"column":39},"end":{"line":28,"column":53}}],"line":28},"26":{"loc":{"start":{"line":29,"column":20},"end":{"line":29,"column":87}},"type":"if","locations":[{"start":{"line":29,"column":20},"end":{"line":29,"column":87}},{"start":{},"end":{}}],"line":29},"27":{"loc":{"start":{"line":29,"column":24},"end":{"line":29,"column":43}},"type":"binary-expr","locations":[{"start":{"line":29,"column":24},"end":{"line":29,"column":25}},{"start":{"line":29,"column":29},"end":{"line":29,"column":43}}],"line":29},"28":{"loc":{"start":{"line":30,"column":20},"end":{"line":30,"column":42}},"type":"if","locations":[{"start":{"line":30,"column":20},"end":{"line":30,"column":42}},{"start":{},"end":{}}],"line":30},"29":{"loc":{"start":{"line":35,"column":8},"end":{"line":35,"column":35}},"type":"if","locations":[{"start":{"line":35,"column":8},"end":{"line":35,"column":35}},{"start":{},"end":{}}],"line":35},"30":{"loc":{"start":{"line":35,"column":52},"end":{"line":35,"column":74}},"type":"cond-expr","locations":[{"start":{"line":35,"column":60},"end":{"line":35,"column":65}},{"start":{"line":35,"column":68},"end":{"line":35,"column":74}}],"line":35},"31":{"loc":{"start":{"line":48,"column":8},"end":{"line":53,"column":9}},"type":"switch","locations":[{"start":{"line":49,"column":12},"end":{"line":49,"column":74}},{"start":{"line":50,"column":12},"end":{"line":52,"column":44}}],"line":48},"32":{"loc":{"start":{"line":59,"column":8},"end":{"line":64,"column":9}},"type":"switch","locations":[{"start":{"line":60,"column":12},"end":{"line":60,"column":69}},{"start":{"line":61,"column":12},"end":{"line":63,"column":44}}],"line":59},"33":{"loc":{"start":{"line":70,"column":8},"end":{"line":75,"column":9}},"type":"switch","locations":[{"start":{"line":71,"column":12},"end":{"line":71,"column":81}},{"start":{"line":72,"column":12},"end":{"line":74,"column":47}}],"line":70},"34":{"loc":{"start":{"line":81,"column":8},"end":{"line":93,"column":9}},"type":"switch","locations":[{"start":{"line":82,"column":12},"end":{"line":82,"column":74}},{"start":{"line":83,"column":12},"end":{"line":89,"column":112}},{"start":{"line":90,"column":12},"end":{"line":92,"column":53}}],"line":81},"35":{"loc":{"start":{"line":99,"column":8},"end":{"line":104,"column":9}},"type":"switch","locations":[{"start":{"line":100,"column":12},"end":{"line":100,"column":111}},{"start":{"line":101,"column":12},"end":{"line":103,"column":48}}],"line":99}},"s":{"0":1,"1":44,"2":0,"3":41,"4":44,"5":44,"6":0,"7":0,"8":0,"9":0,"10":85,"11":41,"12":1,"13":41,"14":44,"15":0,"16":44,"17":41,"18":0,"19":123,"20":85,"21":85,"22":0,"23":85,"24":170,"25":170,"26":0,"27":170,"28":0,"29":170,"30":85,"31":85,"32":44,"33":44,"34":0,"35":0,"36":0,"37":0,"38":0,"39":0,"40":0,"41":41,"42":41,"43":41,"44":0,"45":0,"46":0,"47":0,"48":0,"49":0,"50":0,"51":0,"52":0,"53":0,"54":0,"55":0,"56":0,"57":0,"58":0,"59":85,"60":0,"61":0,"62":170,"63":41,"64":0,"65":41,"66":1,"67":1,"68":1,"69":1,"70":1,"71":0,"72":1,"73":38,"74":38,"75":76,"76":38,"77":38,"78":38,"79":1,"80":0,"81":0,"82":0,"83":0,"84":0,"85":0,"86":1,"87":0,"88":0,"89":0,"90":0,"91":0,"92":0,"93":1,"94":3,"95":3,"96":9,"97":3,"98":3,"99":3,"100":3,"101":141,"102":3,"103":3,"104":3,"105":1,"106":0,"107":0,"108":0,"109":0,"110":0,"111":0,"112":1},"f":{"0":41,"1":44,"2":0,"3":41,"4":44,"5":0,"6":85,"7":41,"8":44,"9":0,"10":123,"11":85,"12":85,"13":0,"14":38,"15":38,"16":76,"17":0,"18":0,"19":0,"20":0,"21":0,"22":0,"23":3,"24":3,"25":9,"26":141,"27":0,"28":0,"29":0},"b":{"0":[1,1,1],"1":[44,0],"2":[41,41],"3":[41,44],"4":[41,41],"5":[1,1,1],"6":[0,44],"7":[41,41],"8":[0,85],"9":[211,41],"10":[41,0],"11":[0,170],"12":[170,0,0],"13":[0,0],"14":[0,0],"15":[0,0],"16":[0,0],"17":[0,170],"18":[85,85,44,0,0,41],"19":[41,0],"20":[41,41,41],"21":[41,0],"22":[0,0],"23":[0,0,0,0],"24":[0,0],"25":[0,0],"26":[0,0],"27":[0,0],"28":[0,0],"29":[0,41],"30":[41,0],"31":[38,38],"32":[0,0],"33":[0,0],"34":[3,3,3],"35":[0,0]},"_coverageSchema":"1a1c01bbd47fc00a2c39e90264f33305004495a9","hash":"402487735c926909dada7ebdc44f39400190991f"}
,"/Users/sebastianricci/Desktop/CodeWorks/LegacyProject/tourify/server/dist/routes/payments.router.js": {"path":"/Users/sebastianricci/Desktop/CodeWorks/LegacyProject/tourify/server/dist/routes/payments.router.js","statementMap":{"0":{"start":{"line":2,"column":0},"end":{"line":2,"column":62}},"1":{"start":{"line":3,"column":14},"end":{"line":3,"column":32}},"2":{"start":{"line":4,"column":25},"end":{"line":4,"column":72}},"3":{"start":{"line":5,"column":13},"end":{"line":5,"column":29}},"4":{"start":{"line":6,"column":0},"end":{"line":6,"column":54}},"5":{"start":{"line":7,"column":0},"end":{"line":7,"column":70}},"6":{"start":{"line":8,"column":0},"end":{"line":8,"column":24}}},"fnMap":{},"branchMap":{},"s":{"0":1,"1":1,"2":1,"3":1,"4":1,"5":1,"6":1},"f":{},"b":{},"_coverageSchema":"1a1c01bbd47fc00a2c39e90264f33305004495a9","hash":"195750033f24ddf79814beb32c2af1d587fa259d"}
,"/Users/sebastianricci/Desktop/CodeWorks/LegacyProject/tourify/server/dist/routes/trips.router.js": {"path":"/Users/sebastianricci/Desktop/CodeWorks/LegacyProject/tourify/server/dist/routes/trips.router.js","statementMap":{"0":{"start":{"line":2,"column":0},"end":{"line":2,"column":62}},"1":{"start":{"line":3,"column":14},"end":{"line":3,"column":32}},"2":{"start":{"line":4,"column":22},"end":{"line":4,"column":66}},"3":{"start":{"line":5,"column":13},"end":{"line":5,"column":29}},"4":{"start":{"line":6,"column":0},"end":{"line":6,"column":56}},"5":{"start":{"line":7,"column":0},"end":{"line":7,"column":57}},"6":{"start":{"line":8,"column":0},"end":{"line":8,"column":62}},"7":{"start":{"line":9,"column":0},"end":{"line":9,"column":61}},"8":{"start":{"line":10,"column":0},"end":{"line":10,"column":54}},"9":{"start":{"line":11,"column":0},"end":{"line":11,"column":57}},"10":{"start":{"line":12,"column":0},"end":{"line":12,"column":62}},"11":{"start":{"line":13,"column":0},"end":{"line":13,"column":64}},"12":{"start":{"line":14,"column":0},"end":{"line":14,"column":72}},"13":{"start":{"line":15,"column":0},"end":{"line":15,"column":63}},"14":{"start":{"line":16,"column":0},"end":{"line":16,"column":57}},"15":{"start":{"line":18,"column":0},"end":{"line":18,"column":68}},"16":{"start":{"line":19,"column":0},"end":{"line":19,"column":62}},"17":{"start":{"line":20,"column":0},"end":{"line":20,"column":64}},"18":{"start":{"line":21,"column":0},"end":{"line":21,"column":24}}},"fnMap":{},"branchMap":{},"s":{"0":1,"1":1,"2":1,"3":1,"4":1,"5":1,"6":1,"7":1,"8":1,"9":1,"10":1,"11":1,"12":1,"13":1,"14":1,"15":1,"16":1,"17":1,"18":1},"f":{},"b":{},"_coverageSchema":"1a1c01bbd47fc00a2c39e90264f33305004495a9","hash":"c375075004714355f7e246c196230a84a54f1f34"}
,"/Users/sebastianricci/Desktop/CodeWorks/LegacyProject/tourify/server/dist/routes/user.router.js": {"path":"/Users/sebastianricci/Desktop/CodeWorks/LegacyProject/tourify/server/dist/routes/user.router.js","statementMap":{"0":{"start":{"line":2,"column":14},"end":{"line":2,"column":32}},"1":{"start":{"line":3,"column":22},"end":{"line":3,"column":66}},"2":{"start":{"line":4,"column":13},"end":{"line":4,"column":29}},"3":{"start":{"line":5,"column":0},"end":{"line":5,"column":41}},"4":{"start":{"line":6,"column":0},"end":{"line":6,"column":59}},"5":{"start":{"line":7,"column":0},"end":{"line":7,"column":45}},"6":{"start":{"line":8,"column":0},"end":{"line":8,"column":51}},"7":{"start":{"line":9,"column":0},"end":{"line":9,"column":47}},"8":{"start":{"line":10,"column":0},"end":{"line":10,"column":51}},"9":{"start":{"line":11,"column":0},"end":{"line":11,"column":24}}},"fnMap":{},"branchMap":{},"s":{"0":1,"1":1,"2":1,"3":1,"4":1,"5":1,"6":1,"7":1,"8":1,"9":1},"f":{},"b":{},"_coverageSchema":"1a1c01bbd47fc00a2c39e90264f33305004495a9","hash":"bbeb3fb15c428ebf0c62125e9a11fdf36b58be6a"}
,"/Users/sebastianricci/Desktop/CodeWorks/LegacyProject/tourify/server/test/mocks.js": {"path":"/Users/sebastianricci/Desktop/CodeWorks/LegacyProject/tourify/server/test/mocks.js","statementMap":{"0":{"start":{"line":1,"column":0},"end":{"line":82,"column":2}},"1":{"start":{"line":83,"column":0},"end":{"line":83,"column":23}}},"fnMap":{},"branchMap":{},"s":{"0":1,"1":1},"f":{},"b":{},"_coverageSchema":"1a1c01bbd47fc00a2c39e90264f33305004495a9","hash":"746023c865bd25cf03966bdfd770d079a6a7681c"}
}
