TN:
SF:passport-config.js
FN:5,initialise
FN:9,(anonymous_1)
FN:25,(anonymous_2)
FN:29,(anonymous_3)
FNF:4
FNH:4
FNDA:1,initialise
FNDA:17,(anonymous_1)
FNDA:17,(anonymous_2)
FNDA:34,(anonymous_3)
DA:1,1
DA:2,1
DA:3,1
DA:6,1
DA:10,17
DA:11,17
DA:12,17
DA:13,17
DA:14,17
DA:16,0
DA:19,0
DA:25,1
DA:26,17
DA:29,34
DA:32,1
LF:15
LH:13
BRDA:12,0,0,0
BRDA:12,0,1,17
BRDA:13,1,0,17
BRDA:13,1,1,0
BRF:4
BRH:2
end_of_record
TN:
SF:dist/server.js
FN:45,(anonymous_0)
FNF:1
FNH:1
FNDA:1,(anonymous_0)
DA:2,1
DA:3,1
DA:5,1
DA:6,1
DA:7,1
DA:8,1
DA:9,1
DA:10,1
DA:11,1
DA:12,1
DA:13,1
DA:14,1
DA:15,1
DA:17,1
DA:19,1
DA:23,1
DA:24,1
DA:25,1
DA:37,1
DA:38,1
DA:39,1
DA:40,1
DA:41,1
DA:42,1
DA:43,1
DA:45,1
DA:46,1
LF:27
LH:27
BRDA:20,0,0,1
BRDA:20,0,1,0
BRF:2
BRH:1
end_of_record
TN:
SF:dist/controllers/payments.controller.js
FN:2,(anonymous_0)
FN:3,adopt
FN:3,(anonymous_2)
FN:4,(anonymous_3)
FN:5,fulfilled
FN:6,rejected
FN:7,step
FN:11,(anonymous_7)
FN:12,(anonymous_8)
FN:13,(anonymous_9)
FN:14,verb
FN:14,(anonymous_11)
FN:15,step
FN:42,(anonymous_13)
FN:42,(anonymous_14)
FN:44,(anonymous_15)
FN:79,(anonymous_16)
FN:79,(anonymous_17)
FN:81,(anonymous_18)
FNF:19
FNH:0
FNDA:0,(anonymous_0)
FNDA:0,adopt
FNDA:0,(anonymous_2)
FNDA:0,(anonymous_3)
FNDA:0,fulfilled
FNDA:0,rejected
FNDA:0,step
FNDA:0,(anonymous_7)
FNDA:0,(anonymous_8)
FNDA:0,(anonymous_9)
FNDA:0,verb
FNDA:0,(anonymous_11)
FNDA:0,step
FNDA:0,(anonymous_13)
FNDA:0,(anonymous_14)
FNDA:0,(anonymous_15)
FNDA:0,(anonymous_16)
FNDA:0,(anonymous_17)
FNDA:0,(anonymous_18)
DA:2,1
DA:3,0
DA:4,0
DA:5,0
DA:6,0
DA:7,0
DA:8,0
DA:11,1
DA:12,0
DA:13,0
DA:14,0
DA:16,0
DA:17,0
DA:18,0
DA:19,0
DA:20,0
DA:21,0
DA:22,0
DA:23,0
DA:24,0
DA:26,0
DA:27,0
DA:28,0
DA:29,0
DA:30,0
DA:31,0
DA:33,0
DA:34,0
DA:35,0
DA:38,1
DA:39,1
DA:40,1
DA:41,1
DA:42,1
DA:44,0
DA:45,0
DA:47,0
DA:48,0
DA:49,0
DA:50,0
DA:63,0
DA:64,0
DA:65,0
DA:67,0
DA:68,0
DA:69,0
DA:71,0
DA:72,0
DA:73,0
DA:74,0
DA:75,0
DA:79,1
DA:81,0
DA:82,0
DA:84,0
DA:85,0
DA:86,0
DA:87,0
DA:89,0
DA:90,0
DA:91,0
DA:92,0
DA:94,0
DA:96,0
DA:97,0
DA:98,0
DA:100,0
DA:101,0
DA:102,0
DA:104,0
DA:105,0
DA:106,0
DA:107,0
DA:108,0
DA:112,1
LF:75
LH:9
BRDA:2,0,0,1
BRDA:2,0,1,1
BRDA:2,0,2,1
BRDA:3,1,0,0
BRDA:3,1,1,0
BRDA:4,2,0,0
BRDA:4,2,1,0
BRDA:7,3,0,0
BRDA:7,3,1,0
BRDA:8,4,0,0
BRDA:8,4,1,0
BRDA:11,5,0,1
BRDA:11,5,1,1
BRDA:11,5,2,1
BRDA:12,6,0,0
BRDA:12,6,1,0
BRDA:13,7,0,0
BRDA:13,7,1,0
BRDA:16,8,0,0
BRDA:16,8,1,0
BRDA:17,9,0,0
BRDA:17,9,1,0
BRDA:17,10,0,0
BRDA:17,10,1,0
BRDA:18,11,0,0
BRDA:18,11,1,0
BRDA:18,12,0,0
BRDA:18,12,1,0
BRDA:18,12,2,0
BRDA:18,13,0,0
BRDA:18,13,1,0
BRDA:18,14,0,0
BRDA:18,14,1,0
BRDA:18,15,0,0
BRDA:18,15,1,0
BRDA:18,16,0,0
BRDA:18,16,1,0
BRDA:19,17,0,0
BRDA:19,17,1,0
BRDA:20,18,0,0
BRDA:20,18,1,0
BRDA:20,18,2,0
BRDA:20,18,3,0
BRDA:20,18,4,0
BRDA:20,18,5,0
BRDA:26,19,0,0
BRDA:26,19,1,0
BRDA:26,20,0,0
BRDA:26,20,1,0
BRDA:26,20,2,0
BRDA:26,21,0,0
BRDA:26,21,1,0
BRDA:27,22,0,0
BRDA:27,22,1,0
BRDA:27,23,0,0
BRDA:27,23,1,0
BRDA:27,23,2,0
BRDA:27,23,3,0
BRDA:28,24,0,0
BRDA:28,24,1,0
BRDA:28,25,0,0
BRDA:28,25,1,0
BRDA:29,26,0,0
BRDA:29,26,1,0
BRDA:29,27,0,0
BRDA:29,27,1,0
BRDA:30,28,0,0
BRDA:30,28,1,0
BRDA:35,29,0,0
BRDA:35,29,1,0
BRDA:35,30,0,0
BRDA:35,30,1,0
BRDA:45,31,0,0
BRDA:45,31,1,0
BRDA:45,31,2,0
BRDA:45,31,3,0
BRDA:45,31,4,0
BRDA:45,31,5,0
BRDA:48,32,0,0
BRDA:48,32,1,0
BRDA:82,33,0,0
BRDA:82,33,1,0
BRDA:82,33,2,0
BRDA:82,33,3,0
BRDA:82,33,4,0
BRDA:82,33,5,0
BRDA:82,33,6,0
BRDA:85,34,0,0
BRDA:85,34,1,0
BRDA:90,35,0,0
BRDA:90,35,1,0
BRF:91
BRH:6
end_of_record
TN:
SF:dist/controllers/trips.controller.js
FN:2,(anonymous_0)
FN:3,(anonymous_1)
FN:13,(anonymous_2)
FN:14,adopt
FN:14,(anonymous_4)
FN:15,(anonymous_5)
FN:16,fulfilled
FN:17,rejected
FN:18,step
FN:22,(anonymous_9)
FN:23,(anonymous_10)
FN:24,(anonymous_11)
FN:25,verb
FN:25,(anonymous_13)
FN:26,step
FN:55,(anonymous_15)
FN:55,(anonymous_16)
FN:57,(anonymous_17)
FN:80,(anonymous_18)
FN:80,(anonymous_19)
FN:82,(anonymous_20)
FN:105,(anonymous_21)
FN:105,(anonymous_22)
FN:107,(anonymous_23)
FN:130,(anonymous_24)
FN:130,(anonymous_25)
FN:132,(anonymous_26)
FN:159,(anonymous_27)
FN:159,(anonymous_28)
FN:161,(anonymous_29)
FN:186,(anonymous_30)
FN:186,(anonymous_31)
FN:188,(anonymous_32)
FN:213,(anonymous_33)
FN:213,(anonymous_34)
FN:215,(anonymous_35)
FN:240,(anonymous_36)
FN:240,(anonymous_37)
FN:242,(anonymous_38)
FN:267,(anonymous_39)
FN:267,(anonymous_40)
FN:269,(anonymous_41)
FN:293,(anonymous_42)
FN:293,(anonymous_43)
FN:295,(anonymous_44)
FN:319,(anonymous_45)
FN:319,(anonymous_46)
FN:321,(anonymous_47)
FN:345,(anonymous_48)
FN:345,(anonymous_49)
FN:347,(anonymous_50)
FN:372,(anonymous_51)
FN:372,(anonymous_52)
FN:374,(anonymous_53)
FN:399,(anonymous_54)
FN:399,(anonymous_55)
FN:401,(anonymous_56)
FN:412,(anonymous_57)
FNF:58
FNH:50
FNDA:2,(anonymous_0)
FNDA:0,(anonymous_1)
FNDA:48,(anonymous_2)
FNDA:34,adopt
FNDA:0,(anonymous_4)
FNDA:48,(anonymous_5)
FNDA:34,fulfilled
FNDA:0,rejected
FNDA:82,step
FNDA:48,(anonymous_9)
FNDA:34,(anonymous_10)
FNDA:0,(anonymous_11)
FNDA:144,verb
FNDA:82,(anonymous_13)
FNDA:82,step
FNDA:2,(anonymous_15)
FNDA:2,(anonymous_16)
FNDA:7,(anonymous_17)
FNDA:2,(anonymous_18)
FNDA:2,(anonymous_19)
FNDA:7,(anonymous_20)
FNDA:2,(anonymous_21)
FNDA:2,(anonymous_22)
FNDA:7,(anonymous_23)
FNDA:8,(anonymous_24)
FNDA:8,(anonymous_25)
FNDA:30,(anonymous_26)
FNDA:14,(anonymous_27)
FNDA:14,(anonymous_28)
FNDA:55,(anonymous_29)
FNDA:2,(anonymous_30)
FNDA:2,(anonymous_31)
FNDA:7,(anonymous_32)
FNDA:2,(anonymous_33)
FNDA:2,(anonymous_34)
FNDA:7,(anonymous_35)
FNDA:2,(anonymous_36)
FNDA:2,(anonymous_37)
FNDA:7,(anonymous_38)
FNDA:2,(anonymous_39)
FNDA:2,(anonymous_40)
FNDA:7,(anonymous_41)
FNDA:2,(anonymous_42)
FNDA:2,(anonymous_43)
FNDA:7,(anonymous_44)
FNDA:5,(anonymous_45)
FNDA:5,(anonymous_46)
FNDA:19,(anonymous_47)
FNDA:3,(anonymous_48)
FNDA:3,(anonymous_49)
FNDA:11,(anonymous_50)
FNDA:2,(anonymous_51)
FNDA:2,(anonymous_52)
FNDA:7,(anonymous_53)
FNDA:0,(anonymous_54)
FNDA:0,(anonymous_55)
FNDA:0,(anonymous_56)
FNDA:0,(anonymous_57)
DA:2,1
DA:3,2
DA:4,0
DA:5,0
DA:6,0
DA:7,0
DA:9,0
DA:11,2
DA:13,1
DA:14,34
DA:15,48
DA:16,34
DA:17,0
DA:18,82
DA:19,48
DA:22,1
DA:23,48
DA:24,48
DA:25,144
DA:27,82
DA:28,308
DA:29,308
DA:30,308
DA:31,308
DA:32,82
DA:33,34
DA:34,0
DA:35,0
DA:37,192
DA:38,144
DA:39,48
DA:40,48
DA:41,48
DA:42,48
DA:44,178
DA:45,308
DA:46,48
DA:49,1
DA:51,1
DA:53,1
DA:54,1
DA:55,2
DA:57,2
DA:58,7
DA:60,2
DA:61,2
DA:62,1
DA:64,1
DA:65,1
DA:66,1
DA:68,1
DA:69,1
DA:70,2
DA:72,0
DA:73,0
DA:74,0
DA:75,0
DA:76,2
DA:80,2
DA:82,2
DA:83,7
DA:85,2
DA:86,2
DA:87,1
DA:89,1
DA:90,1
DA:91,1
DA:93,1
DA:94,1
DA:95,2
DA:97,0
DA:98,0
DA:99,0
DA:100,0
DA:101,2
DA:105,2
DA:107,2
DA:108,7
DA:110,2
DA:111,2
DA:112,1
DA:114,1
DA:115,1
DA:116,1
DA:118,1
DA:119,1
DA:120,2
DA:122,0
DA:123,0
DA:124,0
DA:125,0
DA:126,2
DA:130,8
DA:132,8
DA:133,30
DA:135,8
DA:136,8
DA:137,6
DA:138,6
DA:140,6
DA:141,6
DA:142,2
DA:144,4
DA:145,6
DA:147,2
DA:148,2
DA:149,8
DA:151,0
DA:152,0
DA:153,0
DA:154,0
DA:155,8
DA:159,14
DA:161,14
DA:162,55
DA:164,14
DA:165,14
DA:166,13
DA:167,13
DA:169,13
DA:170,13
DA:171,13
DA:172,13
DA:174,1
DA:175,1
DA:176,14
DA:178,0
DA:179,0
DA:180,0
DA:181,0
DA:182,14
DA:186,2
DA:188,2
DA:189,7
DA:191,2
DA:192,2
DA:193,1
DA:194,1
DA:195,1
DA:197,1
DA:198,1
DA:199,1
DA:201,1
DA:202,1
DA:203,2
DA:205,0
DA:206,0
DA:207,0
DA:208,0
DA:209,2
DA:213,2
DA:215,2
DA:216,7
DA:218,2
DA:219,2
DA:220,1
DA:221,1
DA:222,1
DA:224,1
DA:225,1
DA:226,1
DA:228,1
DA:229,1
DA:230,2
DA:232,0
DA:233,0
DA:234,0
DA:235,0
DA:236,2
DA:240,2
DA:242,2
DA:243,7
DA:245,2
DA:246,2
DA:247,1
DA:248,1
DA:249,1
DA:251,1
DA:252,1
DA:253,1
DA:255,1
DA:256,1
DA:257,2
DA:259,0
DA:260,0
DA:261,0
DA:262,0
DA:263,2
DA:267,2
DA:269,2
DA:270,7
DA:272,2
DA:273,2
DA:274,1
DA:275,1
DA:277,1
DA:278,1
DA:279,1
DA:281,1
DA:282,1
DA:283,2
DA:285,0
DA:286,0
DA:287,0
DA:288,0
DA:289,2
DA:293,2
DA:295,2
DA:296,7
DA:298,2
DA:299,2
DA:300,1
DA:301,1
DA:303,1
DA:304,1
DA:305,1
DA:307,1
DA:308,1
DA:309,2
DA:311,0
DA:312,0
DA:313,0
DA:314,0
DA:315,2
DA:319,5
DA:321,5
DA:322,19
DA:324,5
DA:325,5
DA:326,4
DA:327,4
DA:329,4
DA:330,4
DA:331,4
DA:333,1
DA:334,1
DA:335,5
DA:337,0
DA:338,0
DA:339,0
DA:340,0
DA:341,5
DA:345,3
DA:347,3
DA:348,11
DA:350,3
DA:351,3
DA:352,2
DA:353,2
DA:354,2
DA:356,2
DA:357,2
DA:358,2
DA:360,1
DA:361,1
DA:362,3
DA:364,0
DA:365,0
DA:366,0
DA:367,0
DA:368,3
DA:372,2
DA:374,2
DA:375,7
DA:377,2
DA:378,2
DA:379,1
DA:380,1
DA:381,1
DA:383,1
DA:384,1
DA:385,1
DA:387,1
DA:388,1
DA:389,2
DA:391,0
DA:392,0
DA:393,0
DA:394,0
DA:395,2
DA:399,1
DA:401,0
DA:402,0
DA:403,0
DA:404,0
DA:406,0
DA:407,0
DA:408,0
DA:409,0
DA:410,0
DA:411,0
DA:412,0
DA:413,0
DA:418,0
DA:421,0
DA:422,0
DA:424,0
DA:427,1
LF:298
LH:222
BRDA:2,0,0,1
BRDA:2,0,1,1
BRDA:2,0,2,1
BRDA:3,1,0,2
BRDA:3,1,1,0
BRDA:6,2,0,0
BRDA:6,2,1,0
BRDA:13,3,0,1
BRDA:13,3,1,1
BRDA:13,3,2,1
BRDA:14,4,0,34
BRDA:14,4,1,0
BRDA:15,5,0,48
BRDA:15,5,1,48
BRDA:18,6,0,48
BRDA:18,6,1,34
BRDA:19,7,0,48
BRDA:19,7,1,48
BRDA:22,8,0,1
BRDA:22,8,1,1
BRDA:22,8,2,1
BRDA:23,9,0,0
BRDA:23,9,1,34
BRDA:24,10,0,48
BRDA:24,10,1,48
BRDA:27,11,0,0
BRDA:27,11,1,82
BRDA:28,12,0,356
BRDA:28,12,1,48
BRDA:28,13,0,48
BRDA:28,13,1,0
BRDA:29,14,0,0
BRDA:29,14,1,308
BRDA:29,15,0,308
BRDA:29,15,1,0
BRDA:29,15,2,0
BRDA:29,16,0,0
BRDA:29,16,1,0
BRDA:29,17,0,0
BRDA:29,17,1,0
BRDA:29,18,0,0
BRDA:29,18,1,0
BRDA:29,19,0,0
BRDA:29,19,1,0
BRDA:30,20,0,0
BRDA:30,20,1,308
BRDA:31,21,0,82
BRDA:31,21,1,82
BRDA:31,21,2,34
BRDA:31,21,3,0
BRDA:31,21,4,0
BRDA:31,21,5,192
BRDA:37,22,0,48
BRDA:37,22,1,144
BRDA:37,23,0,192
BRDA:37,23,1,96
BRDA:37,23,2,96
BRDA:37,24,0,192
BRDA:37,24,1,96
BRDA:38,25,0,96
BRDA:38,25,1,48
BRDA:38,26,0,144
BRDA:38,26,1,144
BRDA:38,26,2,96
BRDA:38,26,3,96
BRDA:39,27,0,0
BRDA:39,27,1,48
BRDA:39,28,0,48
BRDA:39,28,1,0
BRDA:40,29,0,0
BRDA:40,29,1,48
BRDA:40,30,0,48
BRDA:40,30,1,48
BRDA:41,31,0,0
BRDA:41,31,1,48
BRDA:46,32,0,0
BRDA:46,32,1,48
BRDA:46,33,0,48
BRDA:46,33,1,0
BRDA:58,34,0,2
BRDA:58,34,1,1
BRDA:58,34,2,1
BRDA:58,34,3,2
BRDA:58,34,4,0
BRDA:58,34,5,2
BRDA:61,35,0,1
BRDA:61,35,1,1
BRDA:83,36,0,2
BRDA:83,36,1,1
BRDA:83,36,2,1
BRDA:83,36,3,2
BRDA:83,36,4,0
BRDA:83,36,5,2
BRDA:86,37,0,1
BRDA:86,37,1,1
BRDA:108,38,0,2
BRDA:108,38,1,1
BRDA:108,38,2,1
BRDA:108,38,3,2
BRDA:108,38,4,0
BRDA:108,38,5,2
BRDA:111,39,0,1
BRDA:111,39,1,1
BRDA:133,40,0,8
BRDA:133,40,1,6
BRDA:133,40,2,2
BRDA:133,40,3,8
BRDA:133,40,4,0
BRDA:133,40,5,8
BRDA:136,41,0,2
BRDA:136,41,1,6
BRDA:141,42,0,2
BRDA:141,42,1,4
BRDA:162,43,0,14
BRDA:162,43,1,13
BRDA:162,43,2,1
BRDA:162,43,3,14
BRDA:162,43,4,0
BRDA:162,43,5,14
BRDA:165,44,0,1
BRDA:165,44,1,13
BRDA:189,45,0,2
BRDA:189,45,1,1
BRDA:189,45,2,1
BRDA:189,45,3,2
BRDA:189,45,4,0
BRDA:189,45,5,2
BRDA:192,46,0,1
BRDA:192,46,1,1
BRDA:216,47,0,2
BRDA:216,47,1,1
BRDA:216,47,2,1
BRDA:216,47,3,2
BRDA:216,47,4,0
BRDA:216,47,5,2
BRDA:219,48,0,1
BRDA:219,48,1,1
BRDA:243,49,0,2
BRDA:243,49,1,1
BRDA:243,49,2,1
BRDA:243,49,3,2
BRDA:243,49,4,0
BRDA:243,49,5,2
BRDA:246,50,0,1
BRDA:246,50,1,1
BRDA:270,51,0,2
BRDA:270,51,1,1
BRDA:270,51,2,1
BRDA:270,51,3,2
BRDA:270,51,4,0
BRDA:270,51,5,2
BRDA:273,52,0,1
BRDA:273,52,1,1
BRDA:296,53,0,2
BRDA:296,53,1,1
BRDA:296,53,2,1
BRDA:296,53,3,2
BRDA:296,53,4,0
BRDA:296,53,5,2
BRDA:299,54,0,1
BRDA:299,54,1,1
BRDA:322,55,0,5
BRDA:322,55,1,4
BRDA:322,55,2,1
BRDA:322,55,3,5
BRDA:322,55,4,0
BRDA:322,55,5,5
BRDA:325,56,0,1
BRDA:325,56,1,4
BRDA:348,57,0,3
BRDA:348,57,1,2
BRDA:348,57,2,1
BRDA:348,57,3,3
BRDA:348,57,4,0
BRDA:348,57,5,3
BRDA:351,58,0,1
BRDA:351,58,1,2
BRDA:375,59,0,2
BRDA:375,59,1,1
BRDA:375,59,2,1
BRDA:375,59,3,2
BRDA:375,59,4,0
BRDA:375,59,5,2
BRDA:378,60,0,1
BRDA:378,60,1,1
BRDA:402,61,0,0
BRDA:402,61,1,0
BRF:187
BRH:145
end_of_record
TN:
SF:dist/controllers/users.controller.js
FN:2,(anonymous_0)
FN:3,adopt
FN:3,(anonymous_2)
FN:4,(anonymous_3)
FN:5,fulfilled
FN:6,rejected
FN:7,step
FN:11,(anonymous_7)
FN:12,(anonymous_8)
FN:13,(anonymous_9)
FN:14,verb
FN:14,(anonymous_11)
FN:15,step
FN:42,(anonymous_13)
FN:42,(anonymous_14)
FN:43,(anonymous_15)
FN:44,(anonymous_16)
FN:50,(anonymous_17)
FN:61,(anonymous_18)
FN:61,(anonymous_19)
FN:62,(anonymous_20)
FN:64,(anonymous_21)
FN:74,(anonymous_22)
FN:74,(anonymous_23)
FN:76,(anonymous_24)
FN:114,(anonymous_25)
FN:114,(anonymous_26)
FN:116,(anonymous_27)
FN:140,(anonymous_28)
FN:140,(anonymous_29)
FN:142,(anonymous_30)
FN:165,(anonymous_31)
FN:165,(anonymous_32)
FN:167,(anonymous_33)
FNF:34
FNH:18
FNDA:34,(anonymous_0)
FNDA:17,adopt
FNDA:0,(anonymous_2)
FNDA:34,(anonymous_3)
FNDA:17,fulfilled
FNDA:0,rejected
FNDA:51,step
FNDA:34,(anonymous_7)
FNDA:17,(anonymous_8)
FNDA:0,(anonymous_9)
FNDA:102,verb
FNDA:51,(anonymous_11)
FNDA:51,step
FNDA:17,(anonymous_13)
FNDA:17,(anonymous_14)
FNDA:17,(anonymous_15)
FNDA:17,(anonymous_16)
FNDA:17,(anonymous_17)
FNDA:0,(anonymous_18)
FNDA:0,(anonymous_19)
FNDA:0,(anonymous_20)
FNDA:0,(anonymous_21)
FNDA:17,(anonymous_22)
FNDA:17,(anonymous_23)
FNDA:34,(anonymous_24)
FNDA:0,(anonymous_25)
FNDA:0,(anonymous_26)
FNDA:0,(anonymous_27)
FNDA:0,(anonymous_28)
FNDA:0,(anonymous_29)
FNDA:0,(anonymous_30)
FNDA:0,(anonymous_31)
FNDA:0,(anonymous_32)
FNDA:0,(anonymous_33)
DA:2,1
DA:3,17
DA:4,34
DA:5,17
DA:6,0
DA:7,51
DA:8,34
DA:11,1
DA:12,34
DA:13,34
DA:14,102
DA:16,51
DA:17,119
DA:18,119
DA:19,119
DA:20,119
DA:21,51
DA:22,17
DA:23,0
DA:24,0
DA:26,51
DA:27,17
DA:28,17
DA:29,17
DA:30,17
DA:31,17
DA:33,51
DA:34,119
DA:35,34
DA:38,1
DA:39,1
DA:40,1
DA:41,1
DA:42,17
DA:43,17
DA:44,17
DA:45,17
DA:46,0
DA:47,17
DA:48,0
DA:50,17
DA:51,17
DA:52,0
DA:54,17
DA:58,17
DA:61,1
DA:62,0
DA:64,0
DA:65,0
DA:66,0
DA:69,0
DA:71,0
DA:74,17
DA:76,17
DA:77,34
DA:79,17
DA:80,17
DA:81,17
DA:83,17
DA:84,17
DA:85,17
DA:86,17
DA:88,0
DA:90,0
DA:91,0
DA:99,0
DA:101,0
DA:102,0
DA:103,0
DA:104,0
DA:106,0
DA:107,0
DA:108,0
DA:109,0
DA:110,0
DA:114,1
DA:116,0
DA:117,0
DA:119,0
DA:120,0
DA:121,0
DA:123,0
DA:124,0
DA:125,0
DA:127,0
DA:128,0
DA:129,0
DA:131,0
DA:132,0
DA:133,0
DA:134,0
DA:135,0
DA:140,1
DA:142,0
DA:143,0
DA:145,0
DA:146,0
DA:147,0
DA:149,0
DA:150,0
DA:151,0
DA:153,0
DA:154,0
DA:155,0
DA:157,0
DA:158,0
DA:159,0
DA:160,0
DA:161,0
DA:165,1
DA:167,0
DA:168,0
DA:170,0
DA:171,0
DA:172,0
DA:174,0
DA:175,0
DA:176,0
DA:178,0
DA:179,0
DA:180,0
DA:182,0
DA:183,0
DA:184,0
DA:186,0
DA:187,0
DA:188,0
DA:189,0
DA:190,0
DA:194,1
LF:130
LH:54
BRDA:2,0,0,1
BRDA:2,0,1,1
BRDA:2,0,2,1
BRDA:3,1,0,17
BRDA:3,1,1,0
BRDA:4,2,0,34
BRDA:4,2,1,34
BRDA:7,3,0,34
BRDA:7,3,1,17
BRDA:8,4,0,34
BRDA:8,4,1,34
BRDA:11,5,0,1
BRDA:11,5,1,1
BRDA:11,5,2,1
BRDA:12,6,0,0
BRDA:12,6,1,17
BRDA:13,7,0,34
BRDA:13,7,1,34
BRDA:16,8,0,0
BRDA:16,8,1,51
BRDA:17,9,0,153
BRDA:17,9,1,34
BRDA:17,10,0,34
BRDA:17,10,1,0
BRDA:18,11,0,0
BRDA:18,11,1,119
BRDA:18,12,0,119
BRDA:18,12,1,0
BRDA:18,12,2,0
BRDA:18,13,0,0
BRDA:18,13,1,0
BRDA:18,14,0,0
BRDA:18,14,1,0
BRDA:18,15,0,0
BRDA:18,15,1,0
BRDA:18,16,0,0
BRDA:18,16,1,0
BRDA:19,17,0,0
BRDA:19,17,1,119
BRDA:20,18,0,51
BRDA:20,18,1,51
BRDA:20,18,2,17
BRDA:20,18,3,0
BRDA:20,18,4,0
BRDA:20,18,5,51
BRDA:26,19,0,34
BRDA:26,19,1,17
BRDA:26,20,0,51
BRDA:26,20,1,34
BRDA:26,20,2,34
BRDA:26,21,0,51
BRDA:26,21,1,17
BRDA:27,22,0,0
BRDA:27,22,1,17
BRDA:27,23,0,17
BRDA:27,23,1,0
BRDA:27,23,2,0
BRDA:27,23,3,0
BRDA:28,24,0,0
BRDA:28,24,1,17
BRDA:28,25,0,17
BRDA:28,25,1,0
BRDA:29,26,0,0
BRDA:29,26,1,17
BRDA:29,27,0,17
BRDA:29,27,1,17
BRDA:30,28,0,0
BRDA:30,28,1,17
BRDA:35,29,0,0
BRDA:35,29,1,34
BRDA:35,30,0,34
BRDA:35,30,1,0
BRDA:45,31,0,0
BRDA:45,31,1,17
BRDA:47,32,0,0
BRDA:47,32,1,17
BRDA:51,33,0,0
BRDA:51,33,1,17
BRDA:65,34,0,0
BRDA:65,34,1,0
BRDA:77,35,0,17
BRDA:77,35,1,17
BRDA:77,35,2,0
BRDA:77,35,3,0
BRDA:77,35,4,0
BRDA:77,35,5,0
BRDA:84,36,0,17
BRDA:84,36,1,0
BRDA:117,37,0,0
BRDA:117,37,1,0
BRDA:117,37,2,0
BRDA:117,37,3,0
BRDA:117,37,4,0
BRDA:117,37,5,0
BRDA:120,38,0,0
BRDA:120,38,1,0
BRDA:143,39,0,0
BRDA:143,39,1,0
BRDA:143,39,2,0
BRDA:143,39,3,0
BRDA:143,39,4,0
BRDA:143,39,5,0
BRDA:146,40,0,0
BRDA:146,40,1,0
BRDA:168,41,0,0
BRDA:168,41,1,0
BRDA:168,41,2,0
BRDA:168,41,3,0
BRDA:168,41,4,0
BRDA:168,41,5,0
BRDA:168,41,6,0
BRDA:171,42,0,0
BRDA:171,42,1,0
BRF:113
BRH:50
end_of_record
TN:
SF:dist/models/db.js
FN:2,(anonymous_0)
FN:3,adopt
FN:3,(anonymous_2)
FN:4,(anonymous_3)
FN:5,fulfilled
FN:6,rejected
FN:7,step
FN:11,(anonymous_7)
FN:12,(anonymous_8)
FN:13,(anonymous_9)
FN:14,verb
FN:14,(anonymous_11)
FN:15,step
FN:45,(anonymous_13)
FN:46,(anonymous_14)
FN:48,(anonymous_15)
FNF:16
FNH:13
FNDA:1,(anonymous_0)
FNDA:1,adopt
FNDA:0,(anonymous_2)
FNDA:1,(anonymous_3)
FNDA:1,fulfilled
FNDA:0,rejected
FNDA:2,step
FNDA:1,(anonymous_7)
FNDA:1,(anonymous_8)
FNDA:0,(anonymous_9)
FNDA:3,verb
FNDA:2,(anonymous_11)
FNDA:2,step
FNDA:1,(anonymous_13)
FNDA:1,(anonymous_14)
FNDA:3,(anonymous_15)
DA:2,1
DA:3,1
DA:4,1
DA:5,1
DA:6,0
DA:7,2
DA:8,1
DA:11,1
DA:12,1
DA:13,1
DA:14,3
DA:16,2
DA:17,6
DA:18,6
DA:19,6
DA:20,6
DA:21,2
DA:22,1
DA:23,0
DA:24,0
DA:26,3
DA:27,2
DA:28,1
DA:29,1
DA:30,1
DA:31,1
DA:33,3
DA:34,6
DA:35,1
DA:38,1
DA:39,1
DA:40,1
DA:45,1
DA:46,1
DA:48,1
DA:49,3
DA:51,1
DA:52,1
DA:54,1
DA:55,1
DA:56,1
DA:58,0
DA:59,0
DA:60,0
DA:61,1
DA:66,1
LF:46
LH:40
BRDA:2,0,0,1
BRDA:2,0,1,1
BRDA:2,0,2,1
BRDA:3,1,0,1
BRDA:3,1,1,0
BRDA:4,2,0,1
BRDA:4,2,1,1
BRDA:7,3,0,1
BRDA:7,3,1,1
BRDA:8,4,0,1
BRDA:8,4,1,1
BRDA:11,5,0,1
BRDA:11,5,1,1
BRDA:11,5,2,1
BRDA:12,6,0,0
BRDA:12,6,1,1
BRDA:13,7,0,1
BRDA:13,7,1,1
BRDA:16,8,0,0
BRDA:16,8,1,2
BRDA:17,9,0,7
BRDA:17,9,1,1
BRDA:17,10,0,1
BRDA:17,10,1,0
BRDA:18,11,0,0
BRDA:18,11,1,6
BRDA:18,12,0,6
BRDA:18,12,1,0
BRDA:18,12,2,0
BRDA:18,13,0,0
BRDA:18,13,1,0
BRDA:18,14,0,0
BRDA:18,14,1,0
BRDA:18,15,0,0
BRDA:18,15,1,0
BRDA:18,16,0,0
BRDA:18,16,1,0
BRDA:19,17,0,0
BRDA:19,17,1,6
BRDA:20,18,0,2
BRDA:20,18,1,2
BRDA:20,18,2,1
BRDA:20,18,3,0
BRDA:20,18,4,0
BRDA:20,18,5,3
BRDA:26,19,0,1
BRDA:26,19,1,2
BRDA:26,20,0,3
BRDA:26,20,1,2
BRDA:26,20,2,2
BRDA:26,21,0,3
BRDA:26,21,1,1
BRDA:27,22,0,1
BRDA:27,22,1,1
BRDA:27,23,0,2
BRDA:27,23,1,2
BRDA:27,23,2,1
BRDA:27,23,3,1
BRDA:28,24,0,0
BRDA:28,24,1,1
BRDA:28,25,0,1
BRDA:28,25,1,0
BRDA:29,26,0,0
BRDA:29,26,1,1
BRDA:29,27,0,1
BRDA:29,27,1,1
BRDA:30,28,0,0
BRDA:30,28,1,1
BRDA:35,29,0,0
BRDA:35,29,1,1
BRDA:35,30,0,1
BRDA:35,30,1,0
BRDA:40,31,0,1
BRDA:40,31,1,0
BRDA:49,32,0,1
BRDA:49,32,1,1
BRDA:49,32,2,0
BRDA:49,32,3,1
BRF:78
BRH:52
end_of_record
TN:
SF:dist/models/trips.model.js
FN:2,(anonymous_0)
FN:3,adopt
FN:3,(anonymous_2)
FN:4,(anonymous_3)
FN:5,fulfilled
FN:6,rejected
FN:7,step
FN:11,(anonymous_7)
FN:12,(anonymous_8)
FN:13,(anonymous_9)
FN:14,verb
FN:14,(anonymous_11)
FN:15,step
FN:44,(anonymous_13)
FN:44,(anonymous_14)
FN:45,(anonymous_15)
FN:52,(anonymous_16)
FN:52,(anonymous_17)
FN:53,(anonymous_18)
FN:60,(anonymous_19)
FN:60,(anonymous_20)
FN:62,(anonymous_21)
FN:78,(anonymous_22)
FN:89,(anonymous_23)
FN:98,(anonymous_24)
FN:98,(anonymous_25)
FN:100,(anonymous_26)
FN:109,(anonymous_27)
FN:109,(anonymous_28)
FN:111,(anonymous_29)
FN:120,(anonymous_30)
FN:120,(anonymous_31)
FN:122,(anonymous_32)
FN:131,(anonymous_33)
FN:131,(anonymous_34)
FN:133,(anonymous_35)
FN:146,(anonymous_36)
FN:146,(anonymous_37)
FN:148,(anonymous_38)
FN:172,(anonymous_39)
FN:172,(anonymous_40)
FN:174,(anonymous_41)
FN:189,(anonymous_42)
FN:189,(anonymous_43)
FN:191,(anonymous_44)
FN:200,(anonymous_45)
FN:200,(anonymous_46)
FN:202,(anonymous_47)
FNF:48
FNH:45
FNDA:32,(anonymous_0)
FNDA:42,adopt
FNDA:0,(anonymous_2)
FNDA:32,(anonymous_3)
FNDA:42,fulfilled
FNDA:0,rejected
FNDA:74,step
FNDA:32,(anonymous_7)
FNDA:43,(anonymous_8)
FNDA:0,(anonymous_9)
FNDA:96,verb
FNDA:74,(anonymous_11)
FNDA:74,step
FNDA:1,(anonymous_13)
FNDA:1,(anonymous_14)
FNDA:2,(anonymous_15)
FNDA:13,(anonymous_16)
FNDA:13,(anonymous_17)
FNDA:26,(anonymous_18)
FNDA:6,(anonymous_19)
FNDA:6,(anonymous_20)
FNDA:13,(anonymous_21)
FNDA:1,(anonymous_22)
FNDA:1,(anonymous_23)
FNDA:1,(anonymous_24)
FNDA:1,(anonymous_25)
FNDA:2,(anonymous_26)
FNDA:1,(anonymous_27)
FNDA:1,(anonymous_28)
FNDA:2,(anonymous_29)
FNDA:1,(anonymous_30)
FNDA:1,(anonymous_31)
FNDA:2,(anonymous_32)
FNDA:1,(anonymous_33)
FNDA:1,(anonymous_34)
FNDA:3,(anonymous_35)
FNDA:4,(anonymous_36)
FNDA:4,(anonymous_37)
FNDA:16,(anonymous_38)
FNDA:2,(anonymous_39)
FNDA:2,(anonymous_40)
FNDA:6,(anonymous_41)
FNDA:1,(anonymous_42)
FNDA:1,(anonymous_43)
FNDA:2,(anonymous_44)
FNDA:1,(anonymous_45)
FNDA:1,(anonymous_46)
FNDA:2,(anonymous_47)
DA:2,1
DA:3,42
DA:4,32
DA:5,42
DA:6,0
DA:7,74
DA:8,32
DA:11,1
DA:12,43
DA:13,32
DA:14,96
DA:16,74
DA:17,156
DA:18,156
DA:19,156
DA:20,156
DA:21,74
DA:22,42
DA:23,0
DA:24,0
DA:26,40
DA:27,8
DA:28,7
DA:29,6
DA:30,6
DA:31,6
DA:33,76
DA:34,156
DA:35,32
DA:38,1
DA:39,1
DA:40,1
DA:41,1
DA:42,1
DA:43,1
DA:44,1
DA:45,1
DA:46,2
DA:47,1
DA:48,1
DA:52,13
DA:53,13
DA:54,26
DA:55,13
DA:56,13
DA:60,6
DA:62,6
DA:63,13
DA:65,6
DA:66,6
DA:68,5
DA:69,5
DA:71,1
DA:72,1
DA:73,1
DA:74,1
DA:78,1
DA:79,1
DA:80,1
DA:83,1
DA:86,0
DA:89,1
DA:90,1
DA:91,1
DA:92,1
DA:95,0
DA:98,1
DA:100,1
DA:101,2
DA:102,1
DA:104,1
DA:105,1
DA:109,1
DA:111,1
DA:112,2
DA:113,1
DA:115,1
DA:116,1
DA:120,1
DA:122,1
DA:123,2
DA:124,1
DA:126,1
DA:127,1
DA:131,1
DA:133,1
DA:134,3
DA:135,1
DA:137,1
DA:138,1
DA:139,1
DA:141,1
DA:142,1
DA:146,4
DA:148,4
DA:149,16
DA:150,4
DA:152,4
DA:153,4
DA:155,4
DA:156,4
DA:165,4
DA:167,4
DA:168,4
DA:172,2
DA:174,2
DA:175,6
DA:178,2
DA:181,2
DA:182,2
DA:184,2
DA:185,2
DA:189,1
DA:191,1
DA:192,2
DA:193,1
DA:195,1
DA:196,1
DA:200,1
DA:202,1
DA:203,2
DA:204,1
DA:206,1
DA:207,1
DA:211,1
LF:125
LH:120
BRDA:2,0,0,1
BRDA:2,0,1,1
BRDA:2,0,2,1
BRDA:3,1,0,42
BRDA:3,1,1,0
BRDA:4,2,0,32
BRDA:4,2,1,32
BRDA:7,3,0,32
BRDA:7,3,1,42
BRDA:8,4,0,32
BRDA:8,4,1,32
BRDA:11,5,0,1
BRDA:11,5,1,1
BRDA:11,5,2,1
BRDA:12,6,0,0
BRDA:12,6,1,43
BRDA:13,7,0,32
BRDA:13,7,1,32
BRDA:16,8,0,0
BRDA:16,8,1,74
BRDA:17,9,0,188
BRDA:17,9,1,32
BRDA:17,10,0,32
BRDA:17,10,1,0
BRDA:18,11,0,0
BRDA:18,11,1,156
BRDA:18,12,0,156
BRDA:18,12,1,0
BRDA:18,12,2,0
BRDA:18,13,0,0
BRDA:18,13,1,0
BRDA:18,14,0,0
BRDA:18,14,1,0
BRDA:18,15,0,0
BRDA:18,15,1,0
BRDA:18,16,0,0
BRDA:18,16,1,0
BRDA:19,17,0,0
BRDA:19,17,1,156
BRDA:20,18,0,74
BRDA:20,18,1,74
BRDA:20,18,2,42
BRDA:20,18,3,0
BRDA:20,18,4,0
BRDA:20,18,5,40
BRDA:26,19,0,32
BRDA:26,19,1,8
BRDA:26,20,0,40
BRDA:26,20,1,33
BRDA:26,20,2,33
BRDA:26,21,0,40
BRDA:26,21,1,7
BRDA:27,22,0,1
BRDA:27,22,1,7
BRDA:27,23,0,8
BRDA:27,23,1,2
BRDA:27,23,2,1
BRDA:27,23,3,1
BRDA:28,24,0,1
BRDA:28,24,1,6
BRDA:28,25,0,7
BRDA:28,25,1,1
BRDA:29,26,0,0
BRDA:29,26,1,6
BRDA:29,27,0,6
BRDA:29,27,1,6
BRDA:30,28,0,0
BRDA:30,28,1,6
BRDA:35,29,0,0
BRDA:35,29,1,32
BRDA:35,30,0,32
BRDA:35,30,1,0
BRDA:46,31,0,1
BRDA:46,31,1,1
BRDA:54,32,0,13
BRDA:54,32,1,13
BRDA:63,33,0,6
BRDA:63,33,1,5
BRDA:63,33,2,1
BRDA:63,33,3,1
BRDA:101,34,0,1
BRDA:101,34,1,1
BRDA:112,35,0,1
BRDA:112,35,1,1
BRDA:123,36,0,1
BRDA:123,36,1,1
BRDA:134,37,0,1
BRDA:134,37,1,1
BRDA:134,37,2,1
BRDA:149,38,0,4
BRDA:149,38,1,4
BRDA:149,38,2,4
BRDA:149,38,3,4
BRDA:175,39,0,2
BRDA:175,39,1,2
BRDA:175,39,2,2
BRDA:192,40,0,1
BRDA:192,40,1,1
BRDA:203,41,0,1
BRDA:203,41,1,1
BRF:100
BRH:78
end_of_record
TN:
SF:dist/models/users.model.js
FN:2,(anonymous_0)
FN:3,adopt
FN:3,(anonymous_2)
FN:4,(anonymous_3)
FN:5,fulfilled
FN:6,rejected
FN:7,step
FN:11,(anonymous_7)
FN:12,(anonymous_8)
FN:13,(anonymous_9)
FN:14,verb
FN:14,(anonymous_11)
FN:15,step
FN:42,(anonymous_13)
FN:45,(anonymous_14)
FN:45,(anonymous_15)
FN:47,(anonymous_16)
FN:56,(anonymous_17)
FN:56,(anonymous_18)
FN:58,(anonymous_19)
FN:67,(anonymous_20)
FN:67,(anonymous_21)
FN:69,(anonymous_22)
FN:78,(anonymous_23)
FN:78,(anonymous_24)
FN:80,(anonymous_25)
FN:86,(anonymous_26)
FN:96,(anonymous_27)
FN:96,(anonymous_28)
FN:98,(anonymous_29)
FNF:30
FNH:17
FNDA:41,(anonymous_0)
FNDA:44,adopt
FNDA:0,(anonymous_2)
FNDA:41,(anonymous_3)
FNDA:44,fulfilled
FNDA:0,rejected
FNDA:85,step
FNDA:41,(anonymous_7)
FNDA:44,(anonymous_8)
FNDA:0,(anonymous_9)
FNDA:123,verb
FNDA:85,(anonymous_11)
FNDA:85,step
FNDA:0,(anonymous_13)
FNDA:38,(anonymous_14)
FNDA:38,(anonymous_15)
FNDA:76,(anonymous_16)
FNDA:0,(anonymous_17)
FNDA:0,(anonymous_18)
FNDA:0,(anonymous_19)
FNDA:0,(anonymous_20)
FNDA:0,(anonymous_21)
FNDA:0,(anonymous_22)
FNDA:3,(anonymous_23)
FNDA:3,(anonymous_24)
FNDA:9,(anonymous_25)
FNDA:141,(anonymous_26)
FNDA:0,(anonymous_27)
FNDA:0,(anonymous_28)
FNDA:0,(anonymous_29)
DA:2,1
DA:3,44
DA:4,41
DA:5,44
DA:6,0
DA:7,85
DA:8,41
DA:11,1
DA:12,44
DA:13,41
DA:14,123
DA:16,85
DA:17,170
DA:18,170
DA:19,170
DA:20,170
DA:21,85
DA:22,44
DA:23,0
DA:24,0
DA:26,41
DA:27,0
DA:28,0
DA:29,0
DA:30,0
DA:31,0
DA:33,85
DA:34,170
DA:35,41
DA:38,1
DA:39,1
DA:40,1
DA:41,1
DA:42,1
DA:43,0
DA:45,38
DA:47,38
DA:48,76
DA:49,38
DA:51,38
DA:52,38
DA:56,1
DA:58,0
DA:59,0
DA:60,0
DA:62,0
DA:63,0
DA:67,1
DA:69,0
DA:70,0
DA:71,0
DA:73,0
DA:74,0
DA:78,3
DA:80,3
DA:81,9
DA:82,3
DA:84,3
DA:85,3
DA:86,3
DA:87,141
DA:89,3
DA:91,3
DA:92,3
DA:96,1
DA:98,0
DA:99,0
DA:100,0
DA:102,0
DA:103,0
DA:107,1
LF:71
LH:47
BRDA:2,0,0,1
BRDA:2,0,1,1
BRDA:2,0,2,1
BRDA:3,1,0,44
BRDA:3,1,1,0
BRDA:4,2,0,41
BRDA:4,2,1,41
BRDA:7,3,0,41
BRDA:7,3,1,44
BRDA:8,4,0,41
BRDA:8,4,1,41
BRDA:11,5,0,1
BRDA:11,5,1,1
BRDA:11,5,2,1
BRDA:12,6,0,0
BRDA:12,6,1,44
BRDA:13,7,0,41
BRDA:13,7,1,41
BRDA:16,8,0,0
BRDA:16,8,1,85
BRDA:17,9,0,211
BRDA:17,9,1,41
BRDA:17,10,0,41
BRDA:17,10,1,0
BRDA:18,11,0,0
BRDA:18,11,1,170
BRDA:18,12,0,170
BRDA:18,12,1,0
BRDA:18,12,2,0
BRDA:18,13,0,0
BRDA:18,13,1,0
BRDA:18,14,0,0
BRDA:18,14,1,0
BRDA:18,15,0,0
BRDA:18,15,1,0
BRDA:18,16,0,0
BRDA:18,16,1,0
BRDA:19,17,0,0
BRDA:19,17,1,170
BRDA:20,18,0,85
BRDA:20,18,1,85
BRDA:20,18,2,44
BRDA:20,18,3,0
BRDA:20,18,4,0
BRDA:20,18,5,41
BRDA:26,19,0,41
BRDA:26,19,1,0
BRDA:26,20,0,41
BRDA:26,20,1,41
BRDA:26,20,2,41
BRDA:26,21,0,41
BRDA:26,21,1,0
BRDA:27,22,0,0
BRDA:27,22,1,0
BRDA:27,23,0,0
BRDA:27,23,1,0
BRDA:27,23,2,0
BRDA:27,23,3,0
BRDA:28,24,0,0
BRDA:28,24,1,0
BRDA:28,25,0,0
BRDA:28,25,1,0
BRDA:29,26,0,0
BRDA:29,26,1,0
BRDA:29,27,0,0
BRDA:29,27,1,0
BRDA:30,28,0,0
BRDA:30,28,1,0
BRDA:35,29,0,0
BRDA:35,29,1,41
BRDA:35,30,0,41
BRDA:35,30,1,0
BRDA:48,31,0,38
BRDA:48,31,1,38
BRDA:59,32,0,0
BRDA:59,32,1,0
BRDA:70,33,0,0
BRDA:70,33,1,0
BRDA:81,34,0,3
BRDA:81,34,1,3
BRDA:81,34,2,3
BRDA:99,35,0,0
BRDA:99,35,1,0
BRF:83
BRH:39
end_of_record
TN:
SF:dist/routes/payments.router.js
FNF:0
FNH:0
DA:2,1
DA:3,1
DA:4,1
DA:5,1
DA:6,1
DA:7,1
DA:8,1
LF:7
LH:7
BRF:0
BRH:0
end_of_record
TN:
SF:dist/routes/trips.router.js
FNF:0
FNH:0
DA:2,1
DA:3,1
DA:4,1
DA:5,1
DA:6,1
DA:7,1
DA:8,1
DA:9,1
DA:10,1
DA:11,1
DA:12,1
DA:13,1
DA:14,1
DA:15,1
DA:16,1
DA:18,1
DA:19,1
DA:20,1
DA:21,1
LF:19
LH:19
BRF:0
BRH:0
end_of_record
TN:
SF:dist/routes/user.router.js
FNF:0
FNH:0
DA:2,1
DA:3,1
DA:4,1
DA:5,1
DA:6,1
DA:7,1
DA:8,1
DA:9,1
DA:10,1
DA:11,1
LF:10
LH:10
BRF:0
BRH:0
end_of_record
TN:
SF:test/mocks.js
FNF:0
FNH:0
DA:1,1
DA:83,1
LF:2
LH:2
BRF:0
BRH:0
end_of_record
